1063 1
137 1
1432 1
935 1
1252 1
1561 1
2057 1
2225 1
2379 1
1109 1
1298 1
1376 1
1341 1
2112 1
1621 1
538 1
1478 1
2419 1
1466 1
867 1
2380 1
1223 1
2625 1
2706 1
3025 1
2911 1
2291 1
1457 1
743 1
2158 1
1587 1
1875 1
2298 1
2194 1
1500 1
714 1
436 1
2108 1
1655 1
1325 1
1093 1
987 1
1140 1
61 1
216 1
789 1
838 1
2593 1
2465 1
160 1
2731 1
175 1
310 1
2048 1
1202 1
2336 1
2664 1
2684 1
2813 1
2835 1
1752 1
2997 1
1192 1
632 1
1373 1
2861 1
1400 1
2404 1
2618 1
81 1
591 1
516 1
558 1
5 1
1583 1
457 1
845 1
479 1
3082 1
1951 1
3077 1
1822 1
392 1
821 1
1555 1
260 1
126 1
1949 1
2455 1
2969 1
2230 1
957 1
1773 1
1528 1
1687 1
1154 1
288 1
27 1
352 1
503 1
146 1
2582 1
224 1
1229 1
580 1
486 1
1804 1
1172 1
1892 1
1737 1
99 1
2426 1
0 1
2823 1
2692 1
2744 1
921 1
763 1
2931 1
2647 1
1848 1
1903 1
2007 1
1630 1
1705 1
2757 1
2519 1
3053 1
2789 1
2049 1
2141 1
2260 1
1920 1
992 1
855 1
1117 1
1224 1
43 1
156 1
1981 1
2550 1
892 1
206 1
907 1
663 1
2038 1
2042 1
2321 1
2616 1
363 1
1603 1
340 1
610 1
608 1
1870 1
1383 1
2890 1
2940 1
337 1
563 1
2185 1
1049 1
1021 1
695 1
414 1
1879 1
2089 1
2487 1
960 1
251 1
2364 1
1281 1
