176 4 5 6 7 8
267 8
719 6 7 8
944 4 5 6 7 8
965 1 2 3 4 5 6 7 8
448 5 6 7 8
813 2 3 4
429 1 2 3 4 5 6 7 8
315 3
176 1 2 3
256 3
0 1
701 2 3 4 5 6 7 8
92 1 2 3 4 6 7 8
0 2 3 4 5
267 1 2 4 5 6 7
1037 5 6 7 8
944 1 2 3
889 1 2 3 4 5 6 7 8
0 6 7 8
83 1 2 3 4 6 7 8
672 2 3 4 5 6 7 8
542 3 4 5 6 7 8
615 3 4 5 6 7 8
69 5
513 1 2 3 4 5 6 7 8
880 4 5 6 7 8
813 7 8
868 4 7 8
681 3 4 5 6 7 8
701 1
813 5 6
719 3 4 5
742 2 3 4 5 6 7 8
448 1 2 3 4
542 1 2
356 1 2 3 4 5 6 7 8
273 1 2 4 5 6 7
29 1 2 3 4 5
312 1 2 4 5 6 7