1138 1 2 3 4 5 6 7 8
3734 7 8
3734 6
3360 7 8
2572 3 4 5 6 7 8
82 6 7 8
696 1 3
2064 1 2 3 4 5 6 7 8
1830 1 2 3 4 5
2420 1 2 3 4 5
1954 6 7
2010 1 6 7
2922 2 3 4 5 6 7 8
2154 4 5 6 7 8
3410 2 3 4 5 6
222 1
3034 3 4 5 6 7 8
3176 3
4258 2 3 4 5 6 7 8
3832 1 2 3 4 5 6 7 8
588 2
312 5 8
2148 3 4 5 6 7 8
674 2
514 1 4 5 6 7 8
860 4 5 6 7 8
1224 6 7 8
132 2 3 4 6 7 8
0 4 5 6 7 8
308 4 6
222 4 6 7
142 1 2 3 4 6 7 8
1224 2 3 4 5
1460 1 2 3 4 5
1886 8
644 4 5 6 7 8
410 2 3
1768 6 7 8
1490 3 4 5
222 2 3
4236 1 2 3 4 5 6 7 8
4026 3 4 5 6 7 8
1374 1 2 3 4 5
256 1 5 8
1018 1 2 3 4 5 6 7 8
3262 6 7 8
3176 4 5 6 7 8
222 8
3034 1 2
2750 1 2 3 4 5 6 7 8
1412 6 7 8
1954 2 3 4 5
1654 1 2 3 4 5
2420 6 7 8
114 3 4
832 3
854 4 5 6 7 8
124 1 2 3 4 6 7 8
3262 1 2 4 5
2502 3 4 5
2250 1 2 3 4 5 6
82 4
3898 4 5
3734 2 3 4 5
110 1 2 3 4
3898 6 7 8
3482 2 3 4 5 6
2604 2 3 4 5 6 7 8
3548 1 2 3 4 5 6 7 8
4158 3 4 5 6 7 8
1654 6 7 8
738 4 5 6 7 8
4102 1 2 3 4 5 6 7 8
4380 4 5 6 7 8
4566 3 4 5 6 7 8
2208 7 8
82 5
836 1 2
588 3
352 1 5 8
0 1 2 3
308 7
2154 1 2 3
644 1 3
1600 1 2 3 4 5 6 7 8
368 1 4 5 6 8
652 4 5 6 7 8