111 9 10 11 12 13 14 15 16
544 25 26 27 28 29 30 31 32 33 34 35 36
2797 19 20 21 22 23 24 25 26 27 28 29 30 31 32 33 34 35 36
4279 1 2 3 4 5 6 7 8 9 10 11 12 13 14 15 16 17 18 19 20 21 22 23 24 25 26 27 28 29 30 31 32 33 34 35 36
5805 1 2 3 4 5 6 7 8 9 10 11 12 13 14 15 16 17 18 19 20 21 22 23 24 25 26 27 28 29 30 31 32 33 34 35 36
1388 13 14 15 16 17 18
5883 3 4 5 6 7 8 9 10 11 12 13 14 15 16 17
66 1 2 3 4 5 6 7 8 9 10 11 12 13 14 16 17 18 19 20 21 22 23 24 25 26 27 28 29 30 31 34 35 36
1309 6 7 8 9 10 11 12 13 14 15 16 17 18 19 20 21 22 23 24 25 26 27 28 29 30 31 32
1365 28 29 30 31 32 33 34 35 36
1444 4 5 6 7 8 9 10 11 12 13 14 15 16 17 18 28 29 30 31 32 33 34 35 36
364 2 3 4
290 15 16 17 18 19 20 21 22 23 24 25 26 27 28 29 30 31 32 33 34 35 36
786 14 15 16 17 18 19 20 21 22 23 24
814 36
2601 5 6 7 8 9 10 11 12 13 14 15 16 17 18 19 20 21 22 23 24 25 26 27 28 29 30 31 32 33 34 35 36
2649 5 6 7 8 9
412 1 2 3 4 14 15 16 17 18 19 20 21 22 23 24 25 26 27 28 29 30 31 32 33 34 35 36
425 1 2 3 4 5 6 7 14 15 16 17 18 19 20 21 22 23 24 25 26 27 28 29 30 31 32 33 34 35 36
2649 10 11 12 13 14 15 16 17 18 19 20 21 22 23 24 25 26 27 28 29 30 31 32 33 34 35 36
4922 1 2 3 4 5 6 7 8 9 10 11 12 13 14 15 16 17 18 19 20 21 22 23 24 25
5062 27 28 29 30 31 32 33 34 35 36
4975 27 28 29 30 31 32 33 34 35 36
2173 1 2 3 4 5 6 7 8 9 10 11 12 13 16 17 18 19 20 21 22 23 24 25 26 27 28 29 30 31 32 33 34 35 36
939 12 13 34 35
2335 2 3 4 5 6 7 8 9 10 11 12 13 14 15
2706 21 22 23 24 25 26 27 28 29 30 31 32 33 34 35 36
2387 25 26 27 28 29 30 31 32 33 34 35 36
2299 1 2 3 4 5 6 7 8 9 10 11 12 13 14 15
51 10 11 12 13 14 34
2473 29 30 31 32 33 34 35 36
307 17 18 19 20 21 22 23 24 25 26 27 28 29 30 31 32 33 34 35 36
6762 8 9 10 11 12 13 14 15 16 17 18 19 20 21 22 24 25 26 27 28 29 30 31 32 33 34 35 36
6808 7 8 9 10 11 12 13 14 15 16 17 18 19 20 21 22 23 24 25 26 27 28 29 30 31 32 33 34 35 36
6897 1 2 3 4 5 6 7 8 9 10 11 12 13 14 15 16 17 18 19 20 21 22 23 24 25 26 27 28 29 30 31 32 33 34 35 36
111 1 2 3 4 5 6 7 8
1388 1 2 3 4 5 6 7 8 9 10 11 12
1167 35 36
5974 2 3 4 5 6 7 8 9 10 11 12 13 14 15 16 17 18 19 20 21 22 23 24 25 26 27 28 29 30 31 32 33 34 35 36
5883 18 19 20 21 22 23 24 25 26 27 28 29 30 31 32 33 34 35 36
1288 1 2 33 34 35 36
2186 11 12 13 16 17 18 19 20 21 22 23 24 25 26 27 28 29 30 31 32 33 34 35 36
4351 3 4 5 6 7 8 9 10 11 12 13 14 15 16 17 18 19 20 21 22 23 24 25 26 27 28 29 30 31 32 33 34 35 36
1739 18 19 20 21 22 23 24 25 26 27 28 29 30 31 32 33 34 35 36
1751 18 19 20 21 22 23 24 25 26 27 28 29 30 31 32 33 34 35 36
1388 19 20 21 22 23 24 25 26 27
4173 26 27 28 29 30 31 32 33 34 35 36
4106 21 22 23 24 25 26 27 28 29 30 31 32 33 34 35 36
708 12 13 14 15 16 17 18 19 20 21 22
423 9 10 11 12 13
307 14 15 16
701 23 24 25 26 27 28 29 30 31 32 33 34 35 36
3245 6 7 8 9 10 11 12 13 14 15 16 17 18 19 20 21 22 23 24 25 26 27 28 29 30 31 32 33 34 35 36
987 2 3 4 5 6 7 8 9 10 11 14 15 16 17 18 19 20
950 2 3 4 5 6 7 8 9 10 11 14 15 16 17 18 19 20 21 22 23 24 25 26 27 28 29 30 31 32 33 36
1055 2 3 4 5 6 7 8 9 10 11 12 13 14 15 16 17 18 19 20 21 22 23 24 25 26 27 28 29 30 31 32 33 34 35 36
2998 33 34 35 36
2954 1 2 3 4 5 6 7 8 9 10 11 12 13 14 15 16 17 18 19 20 21 22 23 24 25 26 27
2923 2 3 4 5 6 7 8 9 10 11 12 13 14 15 16 17 18 19 20 21 22 23 24 25 26 27 28 29 30 31 32 33 34 35 36
1487 2 3 4 5 6 7 8 9 10 11 12 13 14 15 16 17 18 19
5237 12 13 14 15 16 17 18 19 20 21 22 23 24 25 26 27 28 29 30 31 32 33 34 35 36
2525 6 7 8 9 10 11 12 13 14 15 16 17 18 19 20 21 22 23 24 25 26 27 28
2699 14 15 16 17 18 19 20 21 22 23 24 25 26 27 28 29 30 31 32 33 34 35 36
2703 4 10
6376 16 17 18 19 20 21 22 23 24 25 26 27 28 29 30 31 32 33 34 35 36
6458 24 25 26 27 28 29 30 31 32 33 34 35 36
6440 6 7 8 9 10 11 12 13 14 15 16 17 18 19 20 21 22 23 24 25 26 27 28 29 30 31 32 33 34 35 36
266 1 2 3 4 5 6 7 8 9 10 11 12 13
321 1 2 3 4 5 6 7 8 9 10 11 12 13
111 17 18 19 20 21 22 23 24 25 26 27 28 29 30 31 32 33 34 35 36
3062 3 4 5 6 7 8 33 34 35 36
5158 24 25 26 27 28 29 30 31 32 33 34 35 36
5729 2 3 4 5 6 7 8 9 10 11 12 13 14
5648 13 14 15 16 17 18 19 20 21 22 23 24 25 26 27 28 29 30 31 32 33 34 35 36
1058 4 5 6 7 8 9 10 11 12 13 14 15 16 17 18 19 20 21 22 23 24 25 26 27 28 29 30 31 32 33 34 35 36
4742 3 4 5 6 7 8 9 10 11 12 13 14 15 16
645 2 3 4 5 6 7 8 9 10 11 12 13 14 15 16 17 18 19 20 21 22 23 24 25 26 27 28 29 30 31 32 33 34 35 36
220 16 17
204 1 2 3 4 5 6 7 8 9 10 11 12 13 14 15 16
6167 25 26 27 28 29 30 31 32 33 34 35 36
6149 9 10 11 12 13 14 15 16 17 18 19 20 21 22 23 24 25 26 27 28 29 30 31 32 33 34 35 36
5013 2 3 4 5 6 7 8 9 10 11 12 13 14 15 16 17 18 19 20 21 22 23 24 25 26
4975 12 13 14 15 16 17 18 19 20 21 22 23 24 25 26
1205 1 14 15 16 17 18 19 20 21 22 23 24 25 26 27 28 29 30 31 32
3854 13 14 15 16 17 18 19 20 21 22 23 24 25 26 27 28 29 30 31 32 33 34 35 36
1685 2 3 4 5 6 7 8 9 10 11 12 13 14 15 16 17 18 19 20 21 22 23 24 25 26 27 28 29
1618 7 8 9 10 11 12 13 14 15 16 17 18 19 20 21 22 23 24 25 26 27 28 29 30 31 32 33 34 35 36
562 17 18 19 20 21 22 23 24 25 26 27 28 29 30 31 32 33 34 35 36
556 9 10 11 12 13 14 15 16 17 18 19 20 21 22 23 24 25 26 27 28 29 30 31 32 33 34 35 36
502 2 3 4 5 6 7 8 9 10 11 12 13 14 15 16 17 18 19
502 20 21 22 23 24 25 26 27 28 29 30 31 32 33 34 35 36
3785 6 7 8 9 10 11 12 13 14 15 16 17 18 19 20 21 22 23 24 25
3947 5 6 7 8 9 10 11 12 13 14 15 16 17 18 19
3854 3 4 5 6 7 8 9 10 11 12
15 15 32 33
266 14 15 18 19 20 21 22 23 24 25 26 27 28 29 30 31 32 33 34 35 36
3373 7 8 9 10 11 12 13 14 15 16 17 18 19 20 21 22 23 24 25 26 27 28 29 30 31 32 33 34 35 36
3431 2 3 4 5 6 7 8 9 10 11 12 13 14 15 16 17 18 19 20
2256 1 2 3 4 5 6 7 8 9 10 11 12 13 14 15 16 17 18 19 20 21 22 23 24 25 26 27 28 29 30 31 32 33 34 35 36
2299 36
2248 1 2 3 4 5 6 7 8 9 10 11 12 13 16 17 18 19 20 21 22 23 24 25 26 27 28 29 30 31 32 33 34 35 36
2843 4 5 6 7 8 9 10 11 12 13 14 15 16 17 18 19 20 21 22 23 24 25 26 27 28 29 30 31 32 33 34 35 36
2791 1 2 3 4 5 6 7 8 9 10 11 12 13 14 15 16 17 18 19 20 21 22 23 24 25 26 27 28 29 30 31 32 33 34 35 36
2797 3 4 5 6 7 8 9 10 11 12 13 14 15 16 17 18
2717 2 3 5 6 7 8 9 11 12 13 14 15 16 17 18 19 20 21 22 23 24 25 26 27 28 29 30 31 32 33 34 35 36
4004 20 21 22 23 24 25 26 27 28 29 30 31 32 33 34 35 36
3292 26 27 28 29 30 31 32 33 34 35 36
3956 20 21 22 23 24 25 26 27 28 29 30 31 32 33 34 35 36
6458 5 6 7 8 9 10 11 12 13 14 15 16 17 18 19 20 21 22 23
6540 20 21 22 23 24 25 26 27 28 29 30 31 32 33 34 35 36
1120 33 34 35 36
4440 9 10 11 12 13 14 15 16 17 18 19 20 21 22 23 24 25 26 27 28 29 30 31 32 33 34 35 36
4524 23 24 25 26 27 28 29 30 31 32 33 34 35 36
5557 3 4 5 6 7 8 9 10 11 12 13 14 15 16 17 18 19 20 21 22 23 24 25 26 27 28 29 30 31 32 33 34 35 36
5444 25 26 27 28 29 30 31 32 33 34 35 36
549 24 25 26 27 28 29 30 31 32 33 34 35 36
2473 3 4 5 6 7 8 9 10 11 12 13 14 15 16 17 18 19 20 21 22
2387 2 3 4 5 6 7 8 9 10 11 12 13 14 15 16 17 18 19 20 21 22 23 24
2425 2 3 4 5 6 7 8 9 10 11 12 13 14 15 16 17 18 19 20 21 22 23 24 25 26 27 28 29 30 31 32 33 34 35 36
364 5 6 7 8 9 10 11 12 13
3765 4 5 6 7 8 9 10 11 12 13 14 15 16 17 18 19 20 21 22 23 24 25 26 27 28 29 30 31 32 33 34 35 36
3679 4 5 6 7 8 9 10 11 12 13 14 15 16 17 18 19 20 21 22 23 24 25 26 27 28 29 30 31 32 33 34 35 36
3594 4 5 6 7 8 9 10 11 12 13 14 15 16 17 18 19 20 21 22 23 24 25 26 27 28 29 30 31 32 33 34 35 36
1921 7 8 9 10 11 12 13 14 15 16 17
4922 26 27 28 29 30 31 32 33 34 35 36
5104 8 9 10 11 12 13 14 15 16 17 18 19 20 21 22 23 24 25 26 27 28 29 30 31 32 33 34 35 36
5498 7 8 9 10 11 12 13 14 15 16 17 18 19 20 21 22 23 24
5381 1 2 3 4 5 6 7 8 9 10 11 12 13 14 15 16 17 18 19 20 21 22 23 24 25 26 27 28 29 30 31 32 33 34 35 36
5444 3 4 5 6 7 8 9 10 11 12 13 14 15 16 17 18 19 20 21 22 23 24
4629 3 4 5 6 7 8 9 10 11 12 13 14 15 16 17 18 19 20 21 22 23 24 25 26 27 28 29 30 31 32 33 34 35 36
4653 17 18 19 20 21 22 23 24 25 26 27 28 29 30 31 32 33 34 35 36
34 12 13 14 34
1842 18 19 20 21 22 23 24 25 26 27 28 29 30 31 32 33 34 35 36
2028 1 2 3 4 5 6 7 11 12 13 14 15 16 17
2166 14 15
949 7 8 9 10 11 14 15 16 17 18 19 20 21 22 23 24 25 26 27
4727 17 18 19 20 21 22 23 24 25 26 27 28 29 30 31 32 33 34 35 36
1685 30 31 32 33 34 35 36
3166 3 4 5 6 7 8 9 10 11 12 13 14 15 16 17 18 19 20 21 22 23 24 25 26 27 28 29 30 31 32 33 34 35 36
3113 2 9 10 11 12 13 14 15 16 17 18 19 20 21 22 23 24 25 26 27 28 29 30 31 32
3292 1 2 3 4 5 6 7 8 9 10 11 12 13 14 15 16 17 18 19 20 21 22 23 24 25
2954 28 29 30 31 32 33 34 35 36
1012 1 12 13 21 22 23 24 25 26 27 28 29 30 31 32 33 34 35 36
889 28 29 30 31 32 33 36
757 25 26 27 28 29 30 31 32 33 34 35 36
814 1 14 15 16 17 18 19 20 21 22 23 24 25 26 27 28 29 30 31 32 33
2299 16 17 18 19 20 21 22 23 24 25 26 27 28 29 30 31 32 33 34 35
453 11 12 13
1365 2 3 4 5 6 7 8 9 10 11 12 13 14 15 16 17 18 19 20 21 22 23 24 25 26 27
1577 2 3 4 5 6 7 8 9 10 11 12 13 14 15 16 17 18 19 20 21 22 23 24 25 26 27 28 29 30 31 32 33 34 35 36
844 7 8 9 10 11 12 13
2473 23 24 25 26 27 28
2824 21 22 23 24 25 26 27 28 29 30 31 32 33 34 35 36
1916 4 5
6041 4 5 6 7 8 9 10 11 12 13 14 15 16 17 18 19 20 21 22 23 24 25 26
5994 13 14 15 16 17 18 19 20 21 22 23 24 25 26 27 28 29 30 31 32 33 34 35 36
6041 27 28 29 30 31 32 33 34 35 36
34 9 10 11
1381 4 5 6 7 8 9 10 11 12 13 14 15 16 17 18 19 20 21 22 23 24 25 26 27
3471 22 23 24 25 26 27 28 29 30 31 32 33 34 35 36
36 1 2 3 4 5 6 7 8 16 17 18 19 20 21 22 23 24 25 26 27 28 29 30 31
1043 25 26 27 28 29 30 31 32 33 34 35 36
1211 26 27 28 29 30 31 32
4898 11 12 13 14 15 16 17 18 19 20 21 22 23 24 25 26 27 28 29 30 31 32 33 34 35 36
6610 1 2 3 4 5 6 7 8 9 10 11 12 13 14 15 16 17 18 19 20 21 22 23 24 25 26 27 28 29 30 31 32 33 34 35 36
6680 24 25 26 27 28 29 30 31 32 33 34 35 36
6680 23
770 1 2 3 12 13 14 15 16 17 18 19 20 21 22 23 24
20 34
126 17
0 34
1487 28 29 30 31 32 33 34 35 36
6960 10 11 12 13 14 15 16 17 18 19 20 21 22 23 24 25 26 27 28 29 30 31 32 33 34 35 36
5760 1 15 16 17 18 19 20 21 22 23 24 25 26 27 28 29 30 31 32 33 34 35 36
7030 15 16 17 18 19 20 21 22 23 24 25 26 27 28 29 30 31 32 33 34 35 36
5274 2 3 4 5 6 7 8 9 10 11 12 13 14 15 16 17 18 19 20 21 22 23 24 25 26 27 28 29 30 31 32 33 34 35 36
5290 25 26 27 28 29 30 31 32 33 34 35 36
3131 4 5 6 7 8 33 34 35 36
2186 1 2 3 4 5 6 7 8 9 10
1535 20 21 22 23 24 25 26 27
0 32 33
2 1 2 3 4 5 6 7 8 9 10 11 12 13 14 15 32 33
221 2 3 4 5 6 7 8 9 10 11 12 13 14 15 18 19 20 21 22 23 24 25 26 27 28 29 30 31 32 33 34 35 36
5158 3 4 5 6 7 8 9 10 11 12 13 14 15 16 17 18 19 20 21 22 23
126 18 19 20 21 22 23 24 25 26 27 28 29 30 31 32 33 34 35 36
987 21 22 23 24 25 26 27 28 29 30 31 32 33 36
0 16 17 18 19 20 21 22 23 24 25 26 27 28 29 30 31
2052 8 9 10 18 19 20 21 22 23 24 25 26 27 28 29 30 31 32 33 34 35 36
2117 16 17 18 19 20 21 22 23 24 25 26 27 28 29 30 31 32 33 34 35 36
1739 1 2 3 4 5 6 7 8 9 10 11 12 13 14 15 16 17
6167 3 4 5 6 7 8 9 10 11 12 13 14 15 16 17 18 19 20 21 22 23 24
1926 1 2 3 6 18 19 20 21 22 23 24 25 26 27 28 29 30 31 32 33 34 35 36
2017 8 9 10 18 19 20 21 22 23 24 25 26 27 28 29 30 31 32 33 34 35 36
814 34 35
4259 1 2 3 4 5 6 7 8 9 10 11 12 13 14 15 16 17 18 19 20 21 22 23 24 25 26 27 28 29 30 31 32 33 34 35 36
4219 2 3 4 5 6 7 8 9 10 11 12 13 14 15 16 17 18 19 20 21 22 23 24 25 26 27 28 29 30 31 32 33 34 35 36
371 1 14 15 16 17 18 19 20 21 22 23 24 25 26 27 28 29 30 31 32 33 34 35 36
4006 27 28 29 30 31 32 33 34 35 36
4653 1 2 3 4 5 6 7 8 9 10 11 12 13 14 15 16
1835 1 2 3 4
1478 20 21 22 23 24 25 26 27
5729 15 16 17 18 19 20 21 22 23 24 25 26 27 28 29 30 31 32 33 34 35 36
6088 6 7 8 9 10 11 12 13 14 15 16 17 18 19 20 21 22 23 24 25 26
1835 5 6 7 8 9 10 11 12 13 14 15 16 17
1875 6 7 8 9 10 11 12 13 14 15 16 17
2117 1 2 3 4 5 6 7 8 9 10 11 12 13 14 15
3091 12 13 14 15 16 17 18 19 20 21 22 23 24 25 26 27 28 29 30 31 32
4015 1 2 3 4 5 6 7 8 9 10 11 12 13 14 15 16 17 18 19 20 21 22 23 24 25 26
3431 21 22 23 24 25 26 27 28 29 30 31 32 33 34 35 36
3785 26 27 28 29 30 31 32 33 34 35 36
165 18 19 20 21 22 23 24 25 26 27 28 29 30 31 32 33 34 35 36
786 2 3 4 5 6 7 8 9 10 11 12 13
889 1 2 3 4 5 6 14 15 16 17 18 19 20 21 22 23 24 25 26 27
5290 1 2 3 4 5 6 7 8 9 10 11 12 13 14 15 16 17 18 19 20 21 22 23 24
1120 14 15 16 17 18 19 20 21 22 23 24 25 26 27 28 29 30 31 32
1205 33 34
0 35 36
4811 3 4 5 6 7 8 9 10 11 12 13 14 15 16 17 18 19 20 21 22 23 24 25 26 27 28 29 30 31 32 33 34 35 36
2998 9 10 11 12 13 14 15 16 17 18 19 20 21 22 23 24 25 26 27 28 29 30 31 32
3502 6 7 8 9 10 11 12 13 14 15 16 17 18 19 20 21 22 23 24 25 26 27 28 29 30 31 32 33 34 35 36
43 35 36
2703 11 12 13 14 15 16 17 18 19 20 21 22 23 24 25 26 27 28 29 30 31 32 33 34 35 36
15 3 4 5 6 7 8 9 10 11 12 13 14
1216 3 4 5 6 7 8 9 10 11 12 13 14 15 16 17 18 19 20 21 22 23 24 25 26 27 28 29 30 31 32
1120 2 3 4 5 6 7 8 9 10 11 12 13
6299 5 6 7 8 9 10 11 12 13 14 15 16 17 18 19 20 21 22 23 24 25 26 27 28 29 30 31 32 33 34 35 36
6234 1 2 3 4 5 6 7 8 9 10 11 12 13 14 15 16 17 18 19 20 21 22 23 24
3872 20 21 22 23 24 25 26 27 28 29 30 31 32 33 34 35 36
4073 4 5 6 7 8 9 10 11 12 13 14 15 16 17 18 19 20 21 22 23 24 25 26 27 28 29 30 31 32 33 34 35 36
4167 8 9 10 11 12 13 14 15 16 17 18 19 20
4106 4 5 6 7 8 9 10 11 12 13 14 15 16 17 18 19 20
4543 1 2 3 4 5 6 7 8 9 10 11 12 13 14 15 16 17 18 19 20 21 22 23 24 25 26 27 28 29 30 31 32 33 34 35 36
2566 5 29 30 31 32 33 34 35 36
4193 6 7 21 22 23 24 25 26 27 28 29 30 31 32 33 34 35 36
423 8
3442 1 2 3 4 5 6 7 8 9 10 11 12 13 14 15 16 17 18 19 20
1959 11 12 13 14 15 16 17
22 2 3 4 5 6 7 8 9 10 11 12 13 14
708 4 5 6 7 8 9 10 11
562 2 3 4 5 6 7 8 9 10 11 12 13 14 15 16
701 10 11 12 13 14 15 16 17 18 19 20 21 22
