293 3 4 5
287 1 2 3 4 5
293 1 2
146 1
335 2 3 4 5
414 2 3 4 5 6
287 6
349 4 5
414 1
208 1
1530 3 4 5 6
788 5 6
1616 2 3 4
1616 5 6
1745 4 5 6
1444 1 2 3
1779 6
902 2 3
1874 5 6
1883 3 4 5 6
1948 3 4 5 6
1787 1 2 3 4 5 6
1992 3 4 5 6
2043 1 2 3 4 5 6
2102 3 4 5 6
2103 1 2 3 4 5 6
1596 1 2 3 4 5 6
2194 2 3 4
2194 5 6
1711 1 2 3 4 5 6
2344 2 3 4 5 6
2279 5 6
2279 1 2 3 4
2427 5 6
2480 3 4 5 6
2427 2 3 4
1363 2 3
0 1
37 2
155 2 3 4 5 6
241 1 2 3 4 5 6
0 2 3 4 5 6
82 1
71 1 2 3 4 5 6
672 5 6
790 1 2 3 4
738 1 5 6
864 1 2 3 4 5 6
1039 3 4 5 6
962 1 4 5 6
902 4 5 6
1221 4 5 6
1112 2 3 4 5 6
1199 2 3 4 5 6
1221 2 3
1310 3 4 5 6
1334 4 5 6
971 2 3 4 5 6
1334 2 3
1366 5 6
740 1 5 6
309 3 4 5
1500 3 4 5 6
1408 4 5 6
1500 2
82 2 3 4 5 6
349 1 2 3
523 5 6
568 2 5 6
470 1 2 3
602 1 2 5 6
470 4 5 6
539 3 4
652 5 6
624 2 3 4
689 1
689 2 3 4
610 5 6
778 2 3 4
1 2 3 4
37 3 4
33 1 5 6
1 5 6
