582 3 4 5 6 7 8
370 7 8
649 1 2 3 4 5 6 7
1011 1 2 3 4 5 6 7 8
697 6 7
646 8
735 3 4 5 8
827 8
827 1 2 3 4 5 6 7
1026 7 8
1107 1 2 3 4 5 6 7 8
1149 8
1221 2 3 4 5 6 7 8
1280 4 5 6 7 8
1293 7 8
1364 2
854 1 2 3 4 5 6 7
922 1 2 3 4 5 6 7 8
1364 3 4 5 6 7 8
1453 5 6 7 8
1521 3 4
1591 3 4
1521 5 6 7 8
1617 2 5 6 7 8
1594 1 3 4
1681 3 4 5
1648 6 7 8
1754 2 3 4 5 6 7 8
1795 5 6 7 8
1576 2 5 6 7 8
1798 8
1681 1 2
1868 7 8
1948 6 7 8
2032 2 3 4 5 6 7 8
2100 3 4 5 6 7 8
2194 6 7 8
2262 2 3 6 7 8
2194 4 5
2290 8
2330 1 2 3 4 5 6 7 8
2401 6 7 8
2387 1 2 3 4 5 6 7 8
2430 3 4 5 6 7 8
2510 2 3 4 5 6 7 8
2540 2
2407 6 7 8
2605 1 2 3 4 5 6 7 8
2401 3 4 5
2616 1 2 3 4 5 6 7 8
2621 4 5 6 7 8
2679 2 3 4 5 6 7 8
2736 3 4 5 6 7 8
2441 1 2 3 4 5 6 7 8
2743 6 7 8
2559 6 7 8
2810 1 2 3 4 5 6 7 8
2927 1 2 3 4 5 6 7 8
2747 6 7 8
2843 3 4 5 6 7 8
3018 2 3 4 5 6 7 8
3043 2 3 4 5 6 7 8
2843 1 2
3136 4 5 6 7 8
3200 7 8
3202 6 7 8
3260 7 8
3327 8
3202 1 2 3 4 5
3327 1 2 3 4 5 6 7
3422 4 5 6 7 8
3500 4 5 6 7 8
3328 7
3524 8
3524 1 2 3 4 5 6 7
2540 3 4 5 6 7 8
203 2 3 5 6 7 8
248 2 3 4 5 6 7 8
108 1 2 8
343 2 3 4 5 6
136 4
343 7 8
370 1
136 5
416 4 5 6
500 1 2 3 4 5 6 7 8
582 2
0 2 3 4 5 6
0 1
50 1 2 3 4 5 6 7
67 1
67 2 3 4 5 6 7
63 1 2 3 4 5 6 7
71 2 3 4 5 6 7
79 6 7
24 1 7
88 3 4 5
172 3 6 7
0 7 8
24 8
