0 1
43 3 4 5 6 7 8
560 8
1788 1 2 3 4 5 6 7 8
1695 6 7 8
1662 3 4 5 6 7 8
1695 2 3 4 5
209 8
89 2 3
342 3 4 5 6 7 8
474 1 2 3 4 5 6
436 2 3 4
3163 2 3 4 5 6 7 8
3200 3 4 5 6 7 8
3225 4 5 6 7 8
2701 1 2 3 4 5 6
2741 1 2 3 4 5 6 7 8
2800 1 2 3
2800 4 5 6 7 8
2844 2 3 4 5 6 7 8
436 5 6 7 8
209 1 2 3 4
467 7 8
544 7 8
836 2 3 4 5 6 7 8
898 5 6 7 8
947 6 7 8
947 4 5
0 2 3 4 5 6 7 8
2933 4 5 6 7 8
2996 2 3 4 5 6 7 8
2981 3 4 5 6 7 8
3070 4 5 6 7 8
3070 3
1293 1 2 3 4 5 6 7
43 2
1434 2 3 4 5 6 7 8
1311 4 5 6 7
1350 1 2 3 4 5 6 7 8
2323 1 2 3 4 5 6 7 8
2380 1 2 3 4 5 6 7 8
209 5 6 7
322 6 7 8
289 1 2 3 4 5 6 7 8
322 3
1166 4 5 6 7 8
1217 5 6 7 8
1239 5 6 7 8
1290 2 3 4 5 6 7 8
1293 8
2507 1 2 3 4 5 6 7 8
2581 3 4 5 6 7 8
1840 4 5 6 7 8
2647 4 5 6
2647 7 8
120 1 2 3 5 6 7 8
322 1 2
544 1 2 3 4 5 6
600 1 2 3 4 5 6 7
89 5 6 7 8
89 4
80 1 2 3 4 5 6 7 8
113 5 6 7 8
1840 1 2 3
1921 2 3 4 5 6 7 8
1966 2 3 4 5 6 7 8
1991 3 4 5 6 7 8
322 4 5
1078 6 7 8
1142 6 7 8
1311 2 3
898 2 3 4
362 1 2
419 1 2
1005 1 2 3 4 5 6 7 8
1066 3 4 5 6 7 8
2055 1 2 3 4 5 6 7 8
2210 7 8
2230 3 4 5 6 7 8
2119 1 2 3 4 5 6 7 8
2213 3 4 5 6 7 8
139 1 2 3 4 5 6 7 8
1078 1 2 3 4 5
1166 1 2 3
1260 2 3 4
654 7 8
735 7 8
2454 1 2 3 4 5 6 7 8
2465 1 2 3 4 5 6 7 8
2486 1 2 3 4 5 6 7 8
972 1 2 3 6 7 8
1506 1 2 3 4 5 6 7 8
1576 3 4 5 6 7 8
719 1 2 3 4 5 6
813 1 2 3 4 5 6
654 1 2 3 4 5 6
