200 3 4
87 5
1113 1
1193 1
200 1 2
7 4
195 1 2 3 4
195 5
7 2 3
7 1
1706 1 2 3 4
1632 2 3 4
1557 1 2 3 4 5
1267 1
2688 1 2 3 4 5
2580 2 3 4
2312 1 2
2779 1 2 3 4 5
2335 3 4
2312 3 4
2609 4
2012 1 2 3 4 5
891 5
1946 4 5
1792 1
1873 2 3 4 5
1824 2 3 4 5
125 4 5
125 1 2 3
63 1 2 3 4
80 1 2 3 4
1072 2 3
1658 1
1946 2 3
1867 1
1632 1
1358 1 3 4 5
2455 1 2 3 4 5
2375 3 4 5
2312 5
2271 1 2 3 4 5
2225 1 2 3 4 5
2141 1 2 3 4
2103 5
2103 1 2 3 4
431 4 5
293 5
355 2 3 4 5
320 3 4
416 1 2 3 4 5
265 5
343 1
820 3 4 5
929 1 2
891 3 4
820 1 2
809 2 3 4 5
839 1 2
563 4 5
58 1 2 3
7 5
960 1 2 5
32 1
755 2
982 1 2 3 4 5
1027 1
1374 1 2 3 4 5
1158 2 3 4 5
1106 2 3 4 5
1280 2
1280 3 4 5
1252 2 3 4 5
755 1
2476 2 3 4 5
2580 5
1932 1
2561 1 2 3 4 5
2575 1 2 3 4 5
2614 5
1027 4 5
1384 1 2 3 4 5
1470 1 2 3 4 5
1027 2 3
1782 1 2 3 4 5
1632 5
1792 2 3 4 5
963 2 5
496 1 2 3 4 5
431 1 2 3
292 1
292 2 3 4
244 1 2 3 4
651 1 2 3 4 5
765 3 4 5
719 3 4 5
794 1 3 4 5
563 1 2 3
320 2
719 1 2
0 1 2 3 4 5
