1554 5 6 7 8
1542 1
1570 5
1550 4
1570 6 7
1544 3
1549 2
1762 8
443 1
1570 8
1620 2 4
1611 1 3
1762 3 4 5
1777 1 6 7
0 1 2 3 4 5 6
174 1 2 3
0 8
95 1 2 3 4 5 6
1457 4
1414 6 7 8
1349 1
1417 2
1325 6 7 8
1409 1
1417 5
1417 3 4
1762 2
1704 6 7
1627 6
211 4
478 3
994 1 2 5 6 7 8
1076 1 2 5 6 7 8
482 2 4
568 3
323 6
1164 4 5 6 7 8
179 5
411 2
731 3 4 5 6 7 8
625 1 2 4 5 6 7 8
165 8
661 1 2 4 5 6 7 8
160 8
411 4
179 8
125 7
537 1 2 4 5 6 7 8
386 1 2 3 4
179 6
179 4
470 1 5 6 7 8
255 6 8
1684 1 2 3 4 5 8
1627 7
454 1
1127 3 4
502 2 4
1829 2 3 4 5 8
715 3
1179 6 7 8
1181 1 2 3 4 5
731 1 2
1164 1 2 3
816 2
980 3 4
654 3
1478 2
411 1
1490 5 6 7 8
1457 3
1498 1
920 5 6 7 8
210 5
189 7
323 8
826 1 3 4 5 6 7 8
920 1 3 4
411 3
247 1 2 3 4 5 7
99 8
320 1 2 3 4 5 7
35 7
174 4 5 6 8
0 7
74 8
386 5 6 7 8
1036 3
1268 6 7 8
1349 2 3 4 5
1262 1 2 3 4 5
1036 4
907 2
