1134 1 2 3 4 5 6 7 8
1127 7 8
1044 1 2 3 4 5 6 7 8
1490 1 2 3 4 5 6 7 8
1408 5 6 7 8
1358 1 2 3 4 5 6
13 1 2
0 1 2 3 4
1408 1 2 3 4
1264 5 6 7 8
2446 1 2 3 4 5 6 7 8
2362 3 4 5 6 7 8
2324 1 2 3 4 5 6 7 8
995 2 3 4
914 1 2 3 4
851 3 4 5 6 7 8
1992 4 5 6 7 8
1823 7 8
56 2
2556 6 7 8
2493 2 3 4 5 6 7 8
1707 2 3 4 5 6 7 8
479 8
91 1
89 2 5 6 7 8
151 1 2 3 4 5 6 7 8
144 3 4 5 6 7 8
56 3 4
1781 2 3 4 5 6 7 8
1561 2 3 4
129 1 3 4
2240 5 6 7 8
2198 1 2 3 4 5 6 7 8
2103 4 5 6 7 8
317 1
31 3 4
399 1 2 3
2052 5 6 7 8
1332 7 8
555 3 4 5 6 7 8
479 2 3 4 5 6 7
469 3 4 5 6 7 8
1899 1 2 3 4 5 6
1823 2 3 4 5 6
691 1
623 1 2 3 4 5 6 7 8
598 1 2 3 4 5 6 7 8
1644 1 2 3 4 5 6 7 8
1561 5 6 7 8
437 5 6 7 8
399 4 5 6 7 8
246 1
348 2 3 4 5 6 7 8
297 2 3 4 5 6 7 8
469 2
444 1 2 3 4
691 5 6 7 8
914 5 6 7 8
469 1
0 5 6 7 8
41 5 6 7 8
824 1 2 3 4 5 6 7 8
768 1 2 3 4 5 6 7 8
691 2 3 4
1264 2 3 4
1196 2 3 4 5 6 7 8
53 1 2 3 4
91 2 5 6 7 8
246 2 3 4
204 5 6 7 8
204 1 2 3 4
165 3 4 5 6 7 8
13 3 4
