15 1 2
15 5 6
23 4 5 6
32 6
249 3 4 5 6
84 1 2
169 2 3 4 5 6
249 1 2
192 6
209 1 2 3 4 5 6
221 3 4 5 6
1610 1 2 3 4 5 6
1767 3 4 5 6
1645 1 2 3 4 5 6
1646 1 2 3 4 5 6
1810 2 3 4 5 6
1716 3 4 5 6
1869 2 3 4 5 6
0 3
5 1 2 3
0 4
962 5 6
1361 2 3 4 5 6
1015 5 6
1237 4 5 6
1382 2 3
1332 2 3 4 5 6
1382 4 5 6
1341 2 3 4 5 6
879 1 2 3 4 5 6
962 1 2 3 4
1021 3 4
1030 1 2 3 4
1045 3 4
32 4
443 1 2 3 4 5 6
75 4
367 4 5 6
565 2 3 4 5 6
403 2 3 4 5 6
607 4 5 6
479 1 2 3 4 5 6
38 1 2
2333 6
192 3 4 5
2260 2 3 4 5 6
2411 2 3 4 5 6
2332 4 5 6
2477 1 2 3 4 5 6
2333 3 4 5
22 1 2
15 3 4
29 1 2 3
32 5
348 1 2 3 4
84 5 6
268 2 3 4 5 6
348 5 6
291 6
308 1 2 3 4 5 6
320 3 4 5 6
1935 1 2 3 4 5 6
2217 3 4 5 6
1970 1 2 3 4 5 6
1971 1 2 3 4 5 6
2092 2 3 4 5 6
2041 3 4 5 6
2151 2 3 4 5 6
0 5
5 4 5 6
0 6
1154 1 2
1589 2 3 4 5 6
1263 2 3
1384 1 2 3
1508 2 3
1479 2 3 4 5 6
1508 4 5 6
1488 2 3 4 5 6
1071 1 2 3 4 5 6
1154 3 4 5 6
1213 5 6
1222 3 4 5 6
1237 2 3
38 3
801 1 2 3 4 5 6
81 3
367 1 2 3
837 2 3 4 5 6
641 2 3 4 5 6
767 4 5 6
681 1 2 3 4 5 6
1510 2 3
2672 6
1554 1 2 3
2538 2 3 4 5 6
2750 2 3 4 5 6
2610 4 5 6
2611 1 2 3 4 5 6
2672 3 4 5
