56 7 8
651 1 2
1949 3 4 5 6 7 8
56 4 5
265 1 2 3 4 5
6 6 7 8
6 3 4 5
265 6 7 8
56 3
56 1 2
91 5 6 7 8
1856 1 2 3 4 5
1949 1 2
2023 1 2 3
2111 1 2 3 4 5 6 7 8
2099 5 6 7 8
2138 7 8
2138 6
2215 7 8
2306 5 6 7 8
2232 2 3 4 5 6 7 8
357 3 4 5 6
839 1 2 3 4 5 6 7 8
920 6 7 8
948 3 4 5 6 7 8
963 1 2 3 4 5 6 7 8
567 1 2 3 4 5 6 7
354 7 8
651 3 4
428 1 2 3
357 1 2
651 5 6 7
726 5 6 7
781 3 4 5 6 7 8
567 8
1313 1 5
720 1 2 3 4 8
1445 2 3 4 5 6 7 8
1236 5 6 7 8
1481 1 2 3 4 5 6 7 8
1381 4 5 6 7 8
1575 1 2 3 4 5 6 7 8
2 4 5 6 7 8
422 4 5 6 7 8
487 1 2 3 4 5 6 7 8
2576 2 3 4 5 6 7 8
2642 6 7 8
2659 7 8
2671 7 8
2716 5 6 7 8
2782 4 5 6 7 8
2864 4 5 6 7 8
2921 7 8
781 1 2
2166 1 2 3 4 5 7 8
2456 5 6 7 8
2366 1 2 3 4 5 6 7 8
1586 3 4 5 6 7 8
1624 1 2 3 4 5 6 7 8
1703 1
1799 1 2 3 4 5 6 7 8
0 1
1703 2 3 4 5 6 7 8
1313 6 7 8
1911 1 2 3 4 5 6 7 8
1846 1 2 3 4 5
1934 1 2 3 4 5 6 7 8
1846 6 7 8
0 2
0 3 4 5 6 7 8
118 1 2 3 4
704 4 8
2004 4 5 6 7 8
2522 3 4 5 6 7 8
14 1 2 3 4 5 6 7 8
56 6
1071 1 2 3 4 5 6 7 8
1143 2 3
1203 2 3
1239 2 3 4
1031 1 2 3 4 5 6 7 8
1143 4 5 6 7 8
1334 3 4
996 3 4 5 6 7 8
171 1 2 3 4 5 6 7 8
