1237 2 3 4
1237 5 6 7
1199 5 6 7
1218 2 3 4 5 6 7
1121 5 6 7
1074 3 4 5 6 7
260 1 2 3 4 5 6 7
202 3 4 6 7
141 6 7
141 1 2 3 4 5
58 1 2 3
0 1 2 3 4 5 6
2294 5 6 7
2200 3 4 5 6 7
2140 4 5 6 7
2046 4 5
2004 1 2 3 4 5
1770 1 2 3 4 6 7
797 1 2
797 3 4 5 6 7
745 1 2 3 4 5 6 7
772 4 5 6 7
692 5 6 7
578 1 2 3 4 5
607 1 2 3 4
492 2 3 4 5
1827 5 6 7
1827 2 3 4
1767 3 4 6 7
1745 6 7
1745 5
1678 1 2 3 4 5 6 7
607 5 6 7
1672 1 2 3 4 5 6 7
1415 1 2 3 4 5
1388 2
1388 3 4 5
1317 2 3 4 5 6 7
1248 2 3 4 5 6 7
99 4 5 6 7
2749 7
2749 3 4 5 6
2718 3 4 5 6 7
2625 1 2 3 4 5 6 7
2549 7
2524 1 2 3 4 5 6 7
0 7
476 1 2 3 4 5 6 7
492 6 7
393 2 3
393 4 5 6 7
349 2 3 4 5 6 7
186 5
58 4 5 6 7
1038 3 4 5 6 7
968 1 2 3 4 5 6
933 2
933 3 4 5 6 7
889 1 2 3 4 5 6 7
799 3 4 5 6 7
98 6 7
1577 2 3 4 5 6 7
1591 2 3
1537 2
1513 1 2 3 4 5 6 7
952 7
1468 1 2 3 4 5 6 7
950 1 3 4 5 6 7
1976 6 7
1976 3 4 5
1940 4 5 6 7
1861 1 2 3 4 5 6 7
1591 4 5 6 7
1537 3 4 5 6 7
1388 6 7
1121 1 2 3 4
2430 2 3 4 5 6 7
2358 7
2358 2 3 4 5 6
2040 6 7
2338 2 3 4 5 6 7
1834 6 7
1615 1 4 5 6 7
