128 1
122 1 2 3
92 2 3
184 1
920 1
893 2 3
852 1 2 3
459 1 2 3
337 2 3
393 1 2 3
270 2 3
283 3
320 1 2 3
1405 1 2
1162 1 2
1467 2
666 1 2
724 1
49 1 2 3
206 2 3
1232 1 2 3
1278 1 2
1366 2
8 1 2
21 3
766 1 2 3
8 3
724 2 3
767 2 3
128 2 3
182 1 2 3
111 2 3
80 1 2 3
92 1
1278 3
2372 1 2
2647 1 2 3
1367 1 3
2506 1 2
1979 2 3
2695 2 3
184 2 3
151 1
542 3
2087 1 2 3
1199 1 2
2056 1 2 3
666 3
1979 1
1937 1 2 3
542 1 2
581 1 2
3051 2 3
2851 2 3
2769 2 3
3113 2 3
2964 2 3
3109 1 2 3
3185 1 2 3
2875 1 2 3
2339 1 2 3
2452 2 3
2559 1 2 3
2518 3
2580 1 2 3
2372 3
2506 3
1747 1 2
2272 2 3
2098 1 2 3
2168 1 2 3
2237 2 3
2268 3
2285 2 3
0 1 2 3
46 3
23 1 2 3
1159 1 2 3
1194 3
1073 1 2 3
1162 3
259 1
619 1 2 3
638 1 2 3
920 2 3
996 1 2 3
1704 2 3
1848 1 2 3
1875 1 2 3
1804 2 3
1747 3
1661 1 2 3
1795 3
396 1 2 3
1493 3
1400 1 2 3
1575 1 2 3
1405 3
1474 3
1598 2 3
