149 4
133 1 2 3
1915 2 3 4 5 6 7 8
97 1 2 3 4 5 6 7 8
402 1 2 3 4 5 6 7 8
0 6 7 8
3 8
16 3 4 5 6 7
133 4 5 6 7 8
241 3 4 5 6 7 8
212 1 2 3 5 6 7 8
0 1 2 3 4 5
637 1 2 3 6 7 8
1620 2 3 4 5 6 7 8
1633 1 2 3 4 5 6 7 8
1645 3 4 5 6 7 8
1687 3 4 5 6 7 8
38 1 2 3 4 5 6 7
1050 1 3 4
1084 4
1458 1 2 3 4 5 6 7 8
1477 2 3 4 5 6 7 8
1114 1 3 4
1345 3 4 5 6 7 8
1519 1 2 3 4 5 6 7 8
1366 1 2 3 4 5 6 7 8
1537 5 6 7 8
1601 1 5 6 7 8
66 6 7 8
66 1 2 3 4 5
468 3 4 5 6 7 8
174 1 2 3
542 3 4 5
558 3 4 5
468 1 2
610 2 3 4 5
635 4 5
656 3 4 5
656 6 7 8
694 1 2 3 4 5 6 7 8
735 6 7 8
1770 2 3 4 5 6 7 8
1850 1 2 3 4 5 6 7 8
37 8
1226 1 2
1877 6 7 8
763 2 3 4 5
2314 5 6 7 8
2402 6 7 8
112 1 2
2474 1 2 3 4 5 6 7 8
2541 1 2 3 4 5 6 7 8
2588 4 5 6 7 8
2182 6 7 8
2286 3 4 5 6 7 8
2673 3 4 5 6 7 8
2314 1 2 3 4
1537 2 3 4
2727 2 3 4 5 6 7 8
2800 8
2889 1 2 3 4 5 6 7 8
2796 1 2 3 4 5 6 7 8
2962 6 7 8
3012 1 2 3 4 5 6 7 8
542 6 7 8
19 1 2 8
294 1 2 3 4 5 6 7 8
112 3 4 5 6 7 8
735 1 2 3 4 5
796 3 4 5 6 7 8
763 1
865 1 2 3 4 5 6 7 8
956 5 6 7 8
651 3 6 7 8
1989 1 2 3 4 5 6 7 8
2048 1 2 3 4 5 6 7 8
2057 4 5 6 7 8
2120 2 3 4 5 6 7 8
2123 3 4 5 6 7 8
2140 2 3 4 5 6 7 8
2182 1 2 3 4 5
2140 1
3 6 7
2191 2 3 4 5
149 5 6 7 8
956 3 4
956 1 2
1044 2 5 6 7 8
1119 7 8
1167 2 3 4 5 6 7 8
1226 3 4 5 6 7 8
1277 5 6 7 8
1309 3 4 5 6 7 8
319 1 2 3 4 5 6 7 8
