953 1 2 3 4
1108 1 2 3 4
1032 2 3 4
1177 3 4
1227 2 3 4
1296 3 4
1296 2
896 2 3 4
139 1
1444 2 3 4
1500 1 2 3 4
1609 2 3 4
1530 2 3 4
1669 3 4
1581 3 4
1679 1 2 3 4
1379 2 3 4
1327 3 4
1772 2 3 4
1772 1
1854 1 2
1745 1 2 3 4
1869 3 4
1993 2
1977 3 4
1938 1 2
1854 3 4
2259 1 2
2008 1 3 4
2259 3 4
2341 3 4
2130 1 2 3 4
2222 1 2 3 4
2476 1 2 3 4
2413 4
1948 3 4
2311 4
2609 2 3 4
2550 1
2088 2 3 4
2413 1 2 3
2612 1 2 3 4
2550 2 3 4
2640 1 2 3 4
2616 2 3 4
2679 2 3 4
2622 1 2 3 4
2690 2 3 4
2689 1 2 3 4
0 1 2 3 4
127 1 2 3 4
31 2 3 4
31 1
134 3 4
134 1 2
139 2
180 2 3 4
238 3 4
234 1 2 3 4
351 1 2 3 4
315 2 3 4
238 1 2
420 3 4
420 1 2
353 1 2 3 4
481 4
481 1 2 3
573 1 2 3 4
655 1 2 3 4
586 4
586 2 3
663 2 3 4
737 3 4
737 2
824 1 2 3 4
866 1 2 3 4
896 1
