1744 5 6 7 8
1675 2 3 4 5 6 7 8
1810 2 3 4 5 6 7 8
1872 1 2 3
14 7
47 2 3 4 5
43 6 7 8
43 2 3 4 5
1136 1 4 5 6 7 8
1192 4
1192 5 6 7 8
1201 3
2493 2 3 4 5 6 7 8
2604 8
2579 1 2 3 4 5 6 7 8
2689 1 2 3 4 5 6 7 8
1201 5 6 7 8
1275 5 6 7 8
1356 4 5 6 7 8
1356 1 2 3
906 1 2 3 4 5 6 7
381 8
993 1 2 3 4 5 6 7
1058 4 5 6 7 8
365 1 2 3 4 5 6 7
241 4 5 6 7 8
424 1 2 3 4 5 6 7
445 6 7 8
241 1 2 3
305 1 2 3 4 5 6 7
349 3 4 5 6 7
14 8
136 1 2 3 4 5 6 7 8
143 2
158 1 2
88 1 2 3 4
1872 4 5 6 7 8
2325 5 6 7 8
2458 5 6 7 8
2414 2 3 4 5 6 7 8
1490 1 2 4 5 6 7 8
1265 1 2 3 4
1414 4 5 6 7 8
54 6 7 8
73 2 3 4 5 6 7 8
74 5 6 7 8
461 1 2 3 4 5 6 7 8
467 8
546 4 5 6 7 8
0 1 2 3 4 5 6 7 8
5 1 2 3 4 5 6 7 8
6 6 7 8
995 8
904 8
2064 1 2 3 4 5 6
478 4
1295 1 2 3 4
1397 1 2 3
1924 2 3 4 5 6
1980 6
2037 7 8
698 1 2 3 4 5
743 8
743 1 2 3 4 5 6 7
6 2 3 4 5
6 1
21 2 3 4 5 6 8
1099 2 3
1744 3 4
2116 1 2 3 4 5 6 7 8
1203 1 2 4
1980 2 3 4 5
1481 3
1924 7 8
1538 3
2165 4 5 6 7 8
1558 1 2 4 5 6 7 8
837 6 7 8
1649 7 8
797 1 2 3 4 5 6 7
837 5
842 1 2 3 4 5
688 6 7 8
1058 1 2 3
1907 2 3 4 5 6 7 8
478 5 6 7
538 1 2 3
634 1 2 3
639 4 5 6 7 8
679 1 2 3 4 5 6 7 8
688 1 2 3 4 5
2236 7 8
2201 1 2 3 4 5 6 7 8
2321 3 4 5 6 7 8
288 8
467 1 2 3 4 5 6 7
478 1 2 3
14 6
143 3 4 5 6 7 8
227 3 4 5 6 7 8
