38 5 6 7 8
51 6 7 8
2255 3 4 5 6 7 8
2217 2 3 4 5 6 7 8
2278 3 4
2367 2 3 4 5 6 7 8
2367 1
285 8
464 1 2 3 4 5 6 7 8
375 4 8
1861 3 4 5 6 7 8
1705 4 5 6 7 8
1792 4 5 6 7 8
1896 2 3 4 5 6 7 8
1401 3 4 5 6 7 8
1335 5 6 7 8
1262 4 5 6 7 8
13 5 6
13 7 8
273 3 4 5 6 7
368 5 6 7
1080 2 3 4 5 6 7 8
1059 3 4 5 6 7 8
1135 1 2 3 4 5 6 7 8
1209 6 7 8
1226 2 3 4 5 6 7 8
960 4 5 6 7 8
869 1 2 3 4 5 6
1032 3 4 5 6 7 8
184 2
751 7 8
960 1 2 3
24 7 8
1424 2 3 4 5 6 7 8
500 8
51 5
43 1 2
69 4 5
87 2 3 6 7 8
86 1 2 3 6 7 8
1337 2 3 4
2080 3 4 5 6 7 8
2166 2 3 4 5 6 7 8
1372 2 3 4
184 3 6 7 8
122 2 3 6 7 8
208 7 8
1262 2 3
1919 1 2 3 4 5 6 7 8
359 1 2
2011 1 2 3 4 5 6 7 8
212 7 8
493 3 4 5 6 7 8
500 3 4 5 6 7
595 2
496 3 4 5 6 7 8
792 7 8
1471 1 2 3 4 5 6 7 8
1533 7 8
1545 3 4 5 6 7 8
676 2 3 4 5 6 7 8
751 1 2 3 4 5 6
743 1 2 3 4 5 6 7 8
759 4 5 6
759 1 2 3
2278 5 6 7 8
2424 8
2460 1 2 3 4 5 6 7 8
115 1 4 5
0 1 2 3 4 5 6 7 8
7 1 2 3
874 7 8
1617 3 4 5 6 7 8
1644 2 3 4 5 6 7 8
595 3 4 5 6 7 8
250 2 7 8
493 1 2
629 1 2
811 2 3 4 5 6
273 1 2
452 2 3 4 5 6 7 8
377 1 2 3 5 6 7
417 1 2 3 4 5 6 7 8
208 1 3 4 5 6
270 8
270 1 2 3 4 5 6 7
15 1 2
7 4 5 6 7 8
15 3 4
