789 6 7 8
1202 1 2 3 4 5 6 7 8
709 7 8
637 5 6
230 1 2 3 4 5 6 7 8
221 5 6
197 1 2 3
47 1 2
1832 1
1669 1 5 6 7 8
1852 1
1749 2 3 4 5 6 7 8
1832 2 3 4 5 6 7 8
1610 1 2 3 4
972 2 3 4 5 6 7 8
972 1
877 2 3 4 5 6 7 8
724 2 3 4 5 6 7 8
789 3 4 5
830 1 2 6 7 8
637 7 8
716 1 5 6 7 8
0 7 8
273 1 2
503 1 2 3 4
241 1 2
318 2 8
1262 6 7 8
1610 5 6 7 8
1528 3 4 6 7 8
1262 1 2 3 4 5
1203 2 3 4 5 6 7 8
1444 3 4 6 7 8
1352 1 2 3 4 6 7 8
1601 1 2 3 4 5 6 7 8
2689 1 2 3 4 5 6 7 8
2778 2 3 4 5 6 7 8
2614 3 4 5 6 7 8
2813 6 7 8
47 3 4 6
16 1 2 3 4 6 7 8
2118 5 6 7 8
2181 4 5 6 7 8
2118 3 4
0 2 3
2033 1 2 3 4
1620 2 3 4
1981 2 3 4
1898 3 4 5 6 7 8
1981 5 6 7 8
2032 1 2 3 4 5 6 7 8
1995 1 5 6 7 8
197 7 8
190 1 2 3 4 5 6 7 8
0 6
2033 5 6 7 8
2271 1 2 3 4 5 6 7 8
2397 2 3 4 5 6 7 8
2084 6 7 8
2402 1 2 3 4 5 6 7 8
2357 2 3 4 5 6 7 8
122 1 2 3 4 5 6 7
0 4
241 8
43 5
109 8
197 4 5 6
1116 1 2 3 4 5 6 7 8
1024 6 7 8
3037 8
3089 1 2 3 4 5 6 7 8
2966 3 4 5 6 7 8
2893 2 3 4 5 6 7 8
105 5 7 8
267 3 4 5 6 7
241 3 4 5 6 7
47 7 8
1505 1 2 5
1337 4 5
1488 2 5
1024 3 4 5
1488 1
1424 5
1545 5
1349 5
2492 1 2
493 5
2492 3 4 5 6 7 8
2518 6 7 8
2432 4 5 6 7 8
552 2 3 4 5 6 7 8
637 2 3 4
336 1 2 3 4 5 6 7 8
415 4 5 6 7 8
493 6 7 8
340 4 5 6 7 8
341 1 2 3
340 2 3
415 1 2 3
0 5
