3394 1
3403 1
3461 1
3499 1
3622 1
3655 1
3715 1
3765 1
3544 1
3748 1
3797 1
3920 1
3864 1
3829 1
3993 1
1792 1
1969 1
1877 1
1918 1
2018 1
2111 1
2113 1
2199 1
2031 1
1537 1
1628 1
1662 1
1760 1
1701 1
173 1
277 1
188 1
327 1
2746 1
2904 1
2824 1
158 1
58 1
125 1
1137 1
1003 1
1004 1
941 1
1196 1
1058 1
1228 1
1042 1
1317 1
4071 1
4167 1
4045 1
4191 1
4223 1
4244 1
4406 1
4330 1
4333 1
0 1
51 1
2641 1
2632 1
2635 1
2659 1
1367 1
1446 1
1429 1
1532 1
1501 1
1522 1
4489 1
4467 1
4524 1
4568 1
4590 1
4684 1
435 1
570 1
500 1
651 1
365 1
3101 1
3145 1
3037 1
2957 1
3305 1
3332 1
3231 1
731 1
814 1
652 1
828 1
881 1
2259 1
2331 1
2324 1
2498 1
2426 1
2512 1
2511 1
2599 1
