2303 4 5
2398 1 2 3 4 5
2519 3 4 5
2433 1 2 3 4 5
2611 1 2 3 4 5
2706 5
3082 1 2 3 4 5
2761 1 2 3 4 5
2575 2 3 4 5
2890 1 2 3 4 5
2834 1 2 3 4 5
2982 3 4 5
2906 1 2 3 4 5
3155 1 2
3058 1 2 3
3155 3 4 5
3214 2 3 4 5
3252 2 3 4 5
3058 4 5
3323 2 3 4 5
3209 1 2 3 4 5
3331 1 2 3 4 5
3338 5
3422 2 5
3338 2 3 4
3397 3 4
39 3 4 5
34 2 3 4 5
39 1 2
126 1 2 3 4
0 1 2 3
243 3 4 5
123 5
367 1 2 3
519 2 3 4 5
555 3 4 5
283 1
443 4 5
283 2 3 4 5
477 2 3
367 4 5
452 1 2 3
690 2 3 4 5
567 2 3 4 5
591 2 3 4 5
840 4 5
591 1
746 4 5
805 2 3 4 5
661 3 4 5
755 2 3 4 5
897 2 3 4 5
771 1 2 3 4 5
937 2
937 3 4 5
1021 1 2 3 4 5
1082 2
1082 3 4 5
1150 1 2 3 4 5
840 2 3
1110 1 3 4 5
1218 3 4
1205 1 2 3 4 5
1290 2 3 4 5
1286 2 3 4 5
1116 1 3 4 5
1376 2 3 4 5
1309 1
867 1 4 5
1470 1 2 3 4 5
1606 2 3 4 5
1290 1
1515 1 2 3 4 5
1659 2 3
1429 4 5
1745 1 2 3 4 5
1646 2 3 4 5
1659 4
1218 5
1864 1 2 3 4 5
1883 3 4 5
1659 5
1821 1 2 3 4 5
1939 3 4 5
1883 2
1907 3 4 5
1938 1 2
2040 2 3 4 5
2143 1 2 3 4 5
2178 2 3 4 5
1945 2 3 4 5
2049 4 5
2210 5
2049 1 2 3
2210 1 2 3 4
227 1 2 3 4 5
53 3 4 5
0 4 5
153 1 2 3 4 5
228 2 3 4 5
