114 3 6
177 3 6 7
676 4 5
674 1 2
738 2 3 6 7
853 1 2 4 5
829 6 7
886 6 7
963 7
659 7
720 3 6
936 4 5
1013 4 5
1056 5
765 2
7 7
851 3
936 1 2 3
974 3 6
1124 4
52 4 5
110 1 2 4 5
974 1 2
1052 1 2
963 1 2 3 6
1119 1 2 3 4
77 1 2
296 6
460 7
52 6
200 1 2 4 5
90 3 6 7
114 7
0 7
420 1 6 7
435 1 6 7
494 2 3 4 5
456 2 3 4 5
73 1 2
254 3 6 7
280 3 6 7
445 2 3 4 5
739 1 4 5
795 1 4 5
765 3 6 7
1008 3 6 7
1064 5 6 7
1139 7
540 1 6
603 7
267 1 2 4 5
307 5
375 6 7
307 1 2 3 4
387 2 3 4 5
603 1 6
645 1 2
605 3 4 5
645 6
31 1 2 3 7
36 1 2 3 7
460 1 6
296 7
514 2 3 4 5
73 3 7
0 1 2 3
0 4 5 6
