70 1 4 5
20 1
449 1 2
489 1 3 4
498 1 3 4
331 2 3 4
357 1 2 3 4
136 5 6 7
527 1
563 1 3 4
150 6 7
449 3 4
538 2 5 6 7
578 2 5 6
578 7
624 1 2 5 6
644 4 5 6 7
653 5 6 7
387 3 4
387 1 2
410 1
681 1 2 3 4
694 2 3 4
653 1 2 3 4
348 6 7
394 6 7
694 1
739 6 7
748 6 7
748 3 4 5
143 6 7
396 5 6 7
442 7
479 2 5 6 7
320 5
366 5
304 1 6 7
302 2 3 4
339 1 6 7
285 1 2 3 4
188 1 2 3 5
225 5
247 5 6 7
276 6 7
225 1 2 3 4
442 5 6
410 2 3 4
500 2 5 6 7
127 2 3 4
113 1 2 3 4
156 4 6 7
43 2 3
0 6 7
53 2 3 6 7
7 6 7
143 5
127 1
159 1 2 3
180 3
250 1 2 3 4
0 2 3 4 5
0 1
43 4 5
75 2 3 6 7
96 1 4 5
57 1
113 5 6 7
527 3 4
683 5 6 7
715 6 7
724 5 6 7
200 6 7
45 2 3
276 5
588 1 3 4 7
620 3 4 7
