748 3 6 7 8
748 2
833 3 6 7 8
679 6 7 8
1733 1 2 3 4 5 6 7 8
1689 1 2 3 4 5 6 7 8
1614 4 5 6 7 8
1677 3 4 5 6 7 8
52 3 4 5 6
1514 1 2 3 4 5 6 7 8
1470 1 2 3 4 5 6 7 8
1409 2 3 4 5 6 7 8
309 1 2 3 4
579 5 6 7 8
679 1
721 1
2354 1 2 3 4 5 6 7 8
2394 1
2377 8
2394 2 3 4 5 6 7 8
1218 8
1173 7 8
822 2 4 5
2228 1 2 3 4
561 4 5 6 7 8
236 2 3 4
679 5
597 1 2 3 4 5 6 7 8
466 1 2 3 4 5 6 7 8
357 1 2 3 4 5 6 7 8
370 1 2 3 4 5 6 7 8
382 1 2 3 4 5 6 7
3028 2 3 4 5 6 7 8
3024 5 6 7 8
3035 8
2950 5 6 7 8
828 1
762 1
382 8
480 8
740 4 5
679 2 3 4
126 3
176 5 6 7 8
161 5 6 7 8
30 2 3 4 5 6
115 1 2 3 4 5 6 7 8
60 1 2 3 4 5 6 7 8
82 1 2 3 4 5 6 7
345 7 8
284 5 6 7 8
196 5 6 7 8
2341 2 3 4 5 6 7 8
2310 1 2 3 4 5 6 7 8
2266 2 3 4 5 6 7 8
174 1 2 3 4
126 4 5 6 7 8
161 3 4
1218 7
891 5
2633 1 2 3 4 5 6 7 8
14 1 2 3 4 5 6 7 8
15 1 2 3 4 5 6 7 8
0 1 2 3 4 5 6 7 8
1866 2 3 4 5
1961 4 5 6 7 8
1818 1 2 3 4 5 6 7 8
16 1
30 7 8
16 2 3 4 5 6 7 8
2020 1 2 3 4 5 6 7 8
2039 2 3 4 5 6 7 8
2077 3 4 5 6 7 8
54 2 7 8
57 2 7 8
2446 6 7 8
1343 3 4 5 6 7 8
1269 2 3 4 5 6 8
1173 1 2 3 4 5 6
1091 1 2 3 4 5 6 7 8
1063 8
967 2 3 4 5 6 7 8
561 1 2 3
480 2 3 4 5 6 7
519 1 2 3 4 5 6 7 8
2873 2 3 4 5 6 7 8
2796 2 3 4 5 6 7 8
2719 2 3 4 5 6 7 8
1517 1 2 3 4 5 6 7 8
1561 1 2 3 4 5 6 7 8
1614 3
2228 5 6 7 8
1866 6 7 8
2134 1 2 3 4 5 6 7 8
354 3 4 5 6
2542 4 5 6 7 8
2446 1 2 3 4 5
967 1
903 1 2 3 4 6 7 8
82 8
