934 1 2 3
1085 2 3
994 1 2 3
1160 1 2
1085 1
1290 1 2 3
1306 1 2
1157 1 2
2135 1 2 3
2087 2 3
2029 1 2 3
1210 1 2
1956 1 2
1198 3
646 3
1137 2 3
1156 3
1223 1 2 3
81 3
612 1 2 3
296 2 3
296 1
375 2 3
277 2 3
194 1 2 3
1357 1 2
1376 1 2
1306 3
1410 2
764 1 2 3
737 1 2 3
488 1 2 3
541 1 2 3
499 2 3
379 1 2 3
426 2 3
50 3
429 1 2 3
470 2 3
110 1 2
157 1 2
38 1 2 3
50 1 2
916 1 2 3
105 3
836 1 2 3
2161 1 2 3
2333 3
2210 1 2 3
2296 1 2 3
1595 3
1476 1 3
1452 1 3
1503 1 2 3
1384 3
0 1 2 3
1595 1 2
1687 1 2 3
1739 1
646 1 2
1770 2 3
1905 2 3
1835 1 2 3
1739 2 3
1956 3
