101 1 2 3 4 5 6 7 8
0 8
12 6
12 7
14 3
12 5
16 7
12 1
12 8
15 1
12 2
12 3
12 4
0 2
16 4
23 7
4 7
4 1
18 2
25 1
4 2
4 5
20 6
23 5
4 6
179 1 2 3 4 5 6 7 8
0 3
32 8
34 7
32 5
32 2
26 8
31 4
33 6
29 3
35 1
11 7
33 4
0 4
37 7
10 4
43 3
46 6
38 3
10 5
43 7
40 1
46 5
39 8
42 2
0 5
56 3
54 8
6 6
2 5
53 2
48 4
6 5
55 6
50 5
55 7
48 1
56 4
66 8
65 8
70 6
69 3
68 2
65 7
65 5
65 4
65 2
65 1
71 8
273 1 2 3 4 5 6 7 8
0 6
72 4
79 1
61 5
72 2
80 7
57 1
1 6
77 3
78 8
76 5
7 1
359 1 2 3 4 5 6 7 8
0 7
84 4
91 7
90 6
10 2
87 1
91 3
88 8
3 7
82 5
82 6
87 2
