694 2
14 2
694 1
722 2
779 1
1065 1 2
945 1 2
887 1 2
803 1 2
1174 2
1150 1 2
984 1 2
1156 1 2
1175 1 2
1221 2
1221 1
1295 1 2
1249 2
1362 2
1362 1
1370 2
1458 1 2
1460 1 2
843 1 2
1522 1 2
1474 1
1439 2
1794 1 2
1617 2
1880 1 2
2126 1 2
1937 1 2
1875 1 2
2213 1 2
1965 1 2
1739 1 2
2297 1
2235 1
2235 2
2119 2
2051 1 2
2372 1 2
2391 2
2391 1
2477 1
2485 2
1695 1 2
2579 1
2579 2
2693 1 2
2646 1 2
2799 1 2
2888 1 2
2863 1 2
2540 1 2
2890 2
2880 1 2
2983 1 2
3077 1 2
2782 2
2782 1
3081 1 2
3202 2
3173 1 2
2890 1
3250 1 2
3185 1 2
3320 2
3204 1 2
3061 1 2
3320 1
3409 1 2
3503 2
148 1
624 1 2
1535 1 2
1237 1
3640 2
1474 2
3808 1 2
3723 1 2
381 2
379 1
335 2
172 1 2
126 2
335 1
240 1 2
32 1 2
126 1
459 1 2
5 1 2
545 1 2
14 1
2305 2
1617 1
89 1 2
0 1 2
71 1 2
3552 1 2
