1062 1 2 3 4 5 6 7
1107 2 3 4
1107 5 6 7
1053 1 2 3 4 5 6 7
1014 2 3 4
1014 5 6 7
1026 5 6 7
798 5 6 7
986 2 3 4 5 6 7
852 1 2 5 6 7
908 1 2 3 4 5 6 7
898 4
622 4 5 6 7
835 3 4
798 4
768 1 2 3 4 5 6 7
660 3 4 5 6 7
574 1 2 3 4 5 6 7
676 1 2 3 4 5 6 7
631 3 4 5 6 7
505 3 4 5 6
127 4 5 6 7
40 1 6 7
95 1 2 3 4 5 6 7
143 3 4 5 6 7
112 1 2 3 4 5 6 7
31 2 3
31 4 5
0 2 3 4 5
471 1 2
471 3 4 5 6
470 7
379 7
445 2 3 4 5 6
379 1 2 3 4 5 6
347 4 5 6 7
258 3 4 5 6 7
321 1 2
258 1 2
208 2 3 4 5 6 7
503 1 2 7
0 6 7
