1449 5 6 7 8
4 3
1887 2 3 4 5 6 7 8
217 1 2 7
1960 4 5 6 7 8
2052 1 2 3 4 5
2019 4 5 6 7 8
1479 5 6 7 8
188 1 2 7
2052 6 7 8
2114 8
2154 1 6 7 8
1805 1 2 3 4 5 6 7 8
2155 1 6 7 8
312 3
1570 6 7 8
3201 2 3 4 5 6 7 8
3257 7 8
3377 6 7 8
3352 3 4 5 6 7 8
408 7 8
2111 2 3 4 5
2203 3 4 5 6 7 8
2260 7 8
2285 2 7 8
2342 3 7 8
2260 3 4 5 6
2349 2 3 7 8
2326 4 5 6
2417 2 3 4 5 6 7 8
2434 2 3 4
2434 5 6 7 8
2505 2 3 5 6 7 8
2525 3 4 5 6 7 8
2529 1 2 3
2443 4
2529 4 5 6 7 8
81 5 6 7 8
1085 7 8
2607 4 5 6 7 8
2672 2 3 4 5 6 7 8
2748 1 2 3 4 5 6 7 8
2763 3 4 5 6
2763 7 8
2799 3 4 5 6 7 8
2950 2 3 4 5 6 7 8
2867 1 2 3 4
2854 2 3 4
2854 5 6 7 8
3014 2 3 4 5 6 7 8
3050 1 2 3 4 5 6 7 8
3115 1 2 3 4
3115 5 6 7 8
3196 4 5 6 7 8
1391 1 2 3 4 5 6 7 8
1449 1 2 3 4
1521 1 2 3
1592 1 2 3 4 5
1396 3 4 5 6 7 8
1665 5 6 7 8
1718 8
5 1 2
1718 3 4 5 6 7
1521 4 5 6 7 8
4 1 2
655 7 8
1211 2 3 4 5 6
1179 1 2 3 4 5 6
1211 8
1211 7
178 3 4 5 6 8
246 3 4 5 6 7 8
0 1 2 3
132 8
251 1 2 3
738 2 3 4 5 6
348 1 2 4 5 6
332 1 2 4 5 6
313 1 2 4 5 6 7 8
46 5 6 7 8
46 1 2 3 4
9 4 5 6 7 8
1305 3 4 5 6 7 8
132 7
132 2 3 4 5 6
84 1 2 3 4 5 6 7 8
1085 1 2 3 4 5 6
846 3 4 5 6 7 8
251 4 5 6 7 8
655 1 2 3 4 5 6
568 1 2 3 4 5 6 7 8
479 1 2 3 4 5 6 7 8
755 2 3 4 5 6 7 8
29 1 2 3 4 5 6 7 8
332 7 8
390 2 3 4 5 6
930 1 2 3 4 5 6 7 8
0 4 5 6 7
0 8
1020 1 2 3 4 5 6 7 8
