14 1
15 6 7
15 3 4 5
57 2 3 4
58 4 5
58 2 3
26 2 3 4
27 2
27 3 4
33 5 6
35 1
36 4
48 8
52 6 7 8
54 3 4
38 2 3 4
38 6 7 8
41 2 3 4 5 6 7 8
36 5
39 5 6 7 8
42 1 2 3
0 2 3 4 5 6 7 8
7 1 2 3 4 5 6 7
0 1
1 8
1 2 3 4 5 6 7
50 6
51 2
56 1 2 3 4
21 5
23 2 3
24 4 6 7
11 1
12 2 7 8
14 5 7
14 8
48 2
50 7 8
50 1 3
43 1
47 4 5
46 1
49 1 3 4 5
8 2 3 4
9 7 8
9 6
8 1
11 6
8 5
14 3 4
32 2
50 4 5
52 1 3 4 5
53 1 3 4 5
54 6 7
54 8
42 6 7 8
42 4 5
45 6 7 8
43 2 3 4 5
31 7 8
34 5 6 7 8
35 4 5
14 2
19 1
23 5
25 1 5
16 2 8
17 8
17 1 2
47 6 7 8
40 1
48 6 7
19 4 6 7
18 5
21 3
30 2 8
31 6
31 2
33 1 2 3 4
35 2 3
23 8
35 6 7 8
28 8
47 2 3
48 3
54 5
57 6 7
58 8
59 1 6 7
18 3 4
19 2 3
20 2
20 3
26 6 7
23 1
29 6 7
8 6 7 8
9 3 4
9 2
