520 2
455 4 5 6 7 8
545 4 5 6 7 8
237 1 2
303 2
81 3
455 1 2 3
1042 1 2 3 5 6 7 8
138 1
165 3
793 6 7 8
520 1
382 2
962 5 6 7 8
1635 6 7 8
1572 6
1721 8
1657 5
1783 2 3 4 5 6 7
1352 1
855 6 7
601 1
1411 5 6 7 8
1038 4
393 1
1411 1 2 3 4
1886 4
1886 2
1886 3
1749 5
1267 2
1477 5
1567 1 2 3 4
1259 4
1330 2
1477 6
1969 7
1816 8
1886 8
1942 2
1886 6 7
1951 1 8
1886 5
1477 7 8
1185 2 3 5 6 7 8
962 3 4
855 8
54 1 2
0 4 5 6 7 8
0 3
164 1 2 4 5 6 7 8
0 2
90 4 5 6 7 8
1111 1 2 3 5 6 7 8
143 1
150 2
596 2
962 1 2
671 2
1954 5 6 7
1974 1 3 4 5 6 8
869 1 2 3 4 5 6 7
119 2
103 1 2
117 1 2
119 1
793 1 2 3 4 5
1191 1 4
738 2
1259 1
1496 1 2 3 4 7 8
1115 4
701 1 3 4 5 6 7 8
2 1
617 1 3 4 5 6 7 8
520 3
0 1
29 1
187 3
1338 3 5 6 7 8
1267 3 5 6 7 8
1401 1 2 4
237 3 4 5 6 7 8
393 3 4 5 6 7 8
307 1 3 4 5 6 7 8
1879 1
1804 1
1721 1
930 8
1849 2 3 4 5 6 7 8
1721 2
1721 3 4 6 7
1653 1 2 3 4 6 7 8
1344 4
1569 5
1567 7 8
