447 4
412 4
408 3 6 8
417 3 6 8
478 3 5 6 7
394 3
478 8
494 8
479 2
502 1 2 4
475 1 4
418 1
433 3 5 6 7 8
249 6
312 1 6 8
322 2 7
285 6 8
288 7
285 4 5
285 2
192 3 4 6
124 2 7 8
126 1 2 7 8
162 5
154 5 6
379 1
366 2 5 7
343 3
336 4
327 2 7
184 6
354 1 6 8
336 5
356 1 6 8
205 2 5
197 1
111 8
197 2 7
119 2
197 8
372 4
302 1
16 8
57 1
44 8
0 1 2 3 4 5 6 7
57 7
69 8
57 2 3 4 5 6
0 8
232 2 5 8
225 7
205 7
162 6
217 3 4 6
447 1
447 2
436 1 2 4
119 3 4
119 5 6
514 3 5
508 8
307 1
264 1
238 3 4
238 6
119 8
285 3
260 2 3 4 5 6 8
514 6 7
525 5 6 7
422 2 3 5 6 7 8
357 3
368 1
368 6 8
