380 1 2 5 6 7 8
274 2 3 4
293 1 2 3 4
401 1 2 5 6 7 8
96 1 2 3
147 2 3 4 5 6
177 2 3 4 5 6 7 8
775 1 2 3 4 5 6
563 7 8
670 5 6 7 8
819 6 7 8
1919 2 3 4 5 6 7 8
1864 4 5 6 7 8
1970 4 5 6 7 8
2027 5 6 7 8
393 3 4
120 3 4 5
451 7 8
34 1 2 3
510 6 7 8
11 4 5 6 7 8
39 4 5 6 7 8
437 5 6 7 8
357 3 4
317 2 3 4
469 4 5 6 7 8
1726 2 3 4 5 6 7 8
1783 4 5 6 7 8
1686 2 3 4 5 6 7 8
1767 3 4 5 6 7 8
1749 3 4 5 6 7 8
1840 3 4 5 6 7 8
49 7 8
147 7 8
1628 5 6 7 8
1532 5 6 7 8
1567 7 8
1586 1 2 3 4 5 6
1645 6 7 8
847 2 3 4 5 6 7 8
911 3 4 5 6 7 8
871 2 3 4 5 6
946 2 3 4 5 6 7 8
49 1 2 3 4 5 6
46 2 3 4 5 6 7 8
96 4 5
471 2 3 4 5 6 7 8
510 2 3 4 5
304 2 3 4
437 1 2 3 4
743 2 3 4 5 6
1401 1 2 3 4 7 8
1416 3 4 7 8
1388 2 3 4 7 8
1445 3 4 7 8
819 1 2 3 4 5
1043 2 3 4 5 6 7 8
729 7 8
986 5 6 7 8
973 4 5 6 7 8
1076 7 8
1281 7 8
1229 6 7 8
1348 2 3 4 5 6
908 1 7 8
871 7 8
1387 5 6
274 5 6 7 8
96 6 7 8
124 2 3 4 5 6 7 8
557 1 2 3 4 5
638 2 3 4 5 6 7 8
583 2 3 4 5 6
670 1 2 3 4
726 1 2 3 4
1229 1 2 3 4 5
1288 2 3 4 5 6
43 1 2 3
1006 1 2 3 4
1307 2 3 4 5 6
1348 7 8
23 2 3
323 1 5 6 7 8
0 1 2 3
1076 1 2 3 4 5 6
1113 1 2 3 4
1132 7 8
1113 5 6 7 8
986 1 2 3 4
1173 2 3 4 5 6 7 8
0 4 5 6 7 8
519 1 2 3 4 5
1443 1 2 5 6
1514 3 4 5 6 7 8
1496 2 3 4 5 6 7 8
1532 2 3 4
179 1 2 3 4 5 6 7 8
