1715 3 4 5 6
1903 2 3 4 5 6
1895 1 2 3 4 5 6
1715 2
1608 5 6
1809 2 3 4 5 6
1585 2 3
1676 1 2 3 4 5 6
1585 4 5 6
1527 1 2 3 4 5
1663 1 4 5 6
1457 5
1457 6
1393 2 3 4
1426 1 2 3 4
1508 2 3 4
1393 5 6
1302 1 2
1299 3 4 5 6
1273 1 2 3 4 5 6
1099 2 3
1302 3 4 5 6
1181 3 4 5 6
984 1 2 3 4 5 6
1099 4 5 6
891 1 2 3 4 5 6
1033 1 2 3 4 5 6
943 4 5 6
793 3 4 5 6
533 2 3 4 5 6
733 4 5 6
889 4 5 6
738 1 2 3 4 5 6
654 1 2 3 4 5 6
586 1 2 3 4 5 6
438 2 3 6
389 1 2 3 4 5 6
404 4 5
404 6
356 1 2 3 4 5 6
321 1 2 3 4 5 6
234 1 2 3 4 5 6
144 1 2
144 3 4 5 6
16 2 3 4 5 6
85 4 5 6
0 4 5 6
