214 1
212 1
209 1
252 2
251 3
281 1 2 3
287 1
287 2
287 3
291 1 2
178 2
180 2
206 1
182 2
186 2
240 1 2 3
246 1
246 2
246 3
250 1 2
59 3
176 2
133 3
172 2
176 1
228 1 2 3
234 1
234 2
234 3
238 1 2
9 2
13 1
11 2
27 2
27 3
73 1 2 3
79 3
79 2
79 1
83 2 3
57 2
59 2
130 3
172 1
171 3
216 1 2 3
222 1
222 2
222 3
226 1 2
55 3
57 3
52 3
53 2
85 3
160 1 2 3
166 1
166 2
166 3
170 1 2
51 2
45 2
42 2
47 2
85 2
148 1 2 3
154 1
154 2
154 3
158 1 2
34 2
40 2
31 2
36 2
84 1
136 1 2 3
142 1
142 2
142 3
146 1 2
7 2
7 1
4 2
9 1
26 1
61 1 2 3
67 1
67 2
67 3
71 1 2
2 1
0 1
4 1
0 2
0 3
15 1 2 3
21 3
21 2
21 1
25 2 3
