3312 2 3 4
4704 2 3 4 5 6
4553 2 3
4632 1 2 3
4200 2 3 4 5 6
4457 2 3 4 5 6
712 4 5 6
4124 2 3 4 5 6
4380 2 3 4 5 6
4291 4 5 6
629 1 2 3
80 2 3 4
707 1 2 3
786 1 2 3 4
934 2 3 4 5 6
1015 1 2 3 4
1015 5 6
553 2 3 4 5 6
863 1 2 3 4
786 5 6
5312 3 4 5 6
5828 3 4 5 6
5126 3 4 5 6
5406 2 3 4 5 6
861 5 6
5655 4 5 6
5747 3 4 5 6
4875 1 2 3 4
5568 5 6
5479 4 5 6
3978 4 5 6
3720 3 4 5 6
3892 2 3 4 5 6
4049 4 5 6
3547 2 3 4 5 6
3639 5 6
3465 2 3 4 5 6
3978 1 2 3
1358 2 3
3798 4 5 6
5126 1 2
4553 4 5 6
4970 2 3 4 5 6
4793 2 3 4 5 6
3639 1 2 3 4
5312 1 2
1445 2 3
5049 2 3 4 5 6
5219 4 5 6
4875 5 6
1758 2 3 4 5 6
1674 2 3 4 5 6
2112 3 4 5 6
2193 3 4 5 6
482 1 2
1844 2 3 4 5 6
2019 1 2 3 4
1604 3 4 5 6
2019 5 6
1926 4 5 6
166 1 2 5 6
79 5 6
314 1 2
314 3 4 5 6
243 1 2 5 6
0 5 6
0 1 2 3 4
404 3 4 5 6
404 1 2
475 3 4 5 6
1108 5 6
2532 1 2 3 4
3125 2 3 4 5 6
3218 2 3 4 5 6
3312 5 6
2943 3 4 5 6
3034 1 2
3384 1 5 6
1926 1 2 3
3034 3 4 5 6
1357 1 4 5 6
1443 1 4 5 6
1194 3 4 5 6
1530 1 4 5 6
629 4 5 6
160 3 4
1269 2 3
1265 4 5 6
1103 1 2 3 4
1194 1 2
2696 1 4 5 6
2787 1 2 3
2364 2 3 4 5 6
2787 4 5 6
2626 2 3
2270 3 4 5 6
2532 5 6
2872 2 3 4 5 6
2626 4 5 6
2447 3 4 5 6
