186 1 2
222 7
182 1 2
448 1
613 8
265 3 5 6
606 1 2 3 4 5
476 1 2
449 2
97 4
356 3 4 5 6 7
279 1 4 7
140 3
265 8
360 3 4 5 6 7
525 2 3 4 5 6 7 8
169 8
30 8
319 2
570 3 4 5
503 2
312 2 8
145 8
178 8
248 7
173 1 2
376 2
191 1 2 3 5 6 8
387 8
147 7
397 1
162 8
0 8
58 8
107 8
168 4 7
190 2 6
197 7
57 1 2 3 4 5 6 7
319 8
570 6 7 8
539 1
261 4 7
147 6
504 3 4 5 6 7 8
265 2
570 1 2
140 1 2
723 3 4 5 7 8
229 7
610 1 2 3 4 5
97 1 2 3
151 3 5
293 1 3 4 5 6 7
644 6
219 4
265 1
280 1 3 4 5 6 7
667 1 2 3 4 5 7
197 4
503 1
663 8
354 8
644 7
97 5 6 7
714 6
0 1 2 3 4 5 6 7
430 3 4 5 6 7 8
636 1 2 3 4 5
356 1
188 1 2
21 8
613 6 7
