2116 8
2624 7
3527 2 3 4 5 6 7 8
2913 2 3 4 5 6 7 8
1182 1 2 3 4 5 6 7 8
2288 7 8
3930 1 2 3 4 5 6 7 8
3578 3 4 5
3715 7 8
2276 4 5 6 7 8
2374 7 8
782 1
2544 2 3 4 5 6 7
1520 2 3 4 5 6 7 8
3797 4 5 6 7 8
203 1 2 3
3493 2 3 4 5 6 7 8
2544 8
1262 6 7 8
1656 8
3412 4 5 6 7 8
203 4 5 6 7 8
4005 5 6 7 8
1125 5 6 7 8
1412 2 3 4 5 6 7 8
2257 7 8
2116 1 2 3
3588 5
2863 4 5 6 7 8
3220 3 4 5 6 7 8
710 7 8
3006 1 2 3 4 5 6 7 8
995 1 2 3 4 5 6 7 8
3276 4 5 6
2452 2 3 4 5 6 7 8
2732 5 6 7 8
3412 1 2 3
1811 7 8
3129 6 7 8
1652 6 7 8
3074 8
2303 8
3129 2 3 4 5
1344 2 3 4 5 6 7 8
435 1 2 3 4 5 6 7 8
1723 4 5 6 7 8
1584 3 4 5 6 7 8
1381 4 5 6 7 8
782 2 3 4 5 6 7 8
2249 4 5 6 7 8
3767 2 3 4 5 6 7 8
321 1 2 3 4 5 6 7 8
4008 4 5 6 7 8
1754 4 5 6 7 8
1820 1 2 7 8
1076 1 2 3 4 5 6 7 8
3653 2 5 6 7 8
2303 2 3 4 5 6 7
1671 3 4 5 6 7 8
947 6
2810 4 5 6 7 8
3878 5 6 7 8
1883 8
2374 3 4 5 6
591 1 2 3 4 5 6 7 8
1811 3 4 5 6
1967 1 2 3 4 5 6 7 8
947 7 8
2834 3 4 5 6 7 8
3670 3 4
710 3 4 5 6
2637 8
1466 5 6 7 8
3588 1 2
2116 4 5 6 7
3569 1 2 3 4 5 6 7 8
3578 6 7 8
2043 1 2 3 4 5 6 7 8
3588 3 4
497 1 2 3 4 5
497 6 7 8
2159 1 2 3 4 5 6 7
643 2 3 4 5 6 7 8
3062 5 6 7 8
371 5 6 7 8
275 1 2 3 4 5 6 7 8
2078 1 2 3 4 5 6 7 8
2999 2 3 4 5 6 7 8
1082 1 2 3 4 5 6 7 8
3365 5 6 7 8
3276 7 8
2709 6 7 8
856 1 2 3 4 5 6 7 8
85 8
107 4 5 6 7 8
34 1 2 3 4 5 6 7 8
85 1 2 3 4 5 6 7
110 2 3 4 5 6 7 8
0 6 7
0 8
