201 2 3 4 5 6 7
115 5 6
133 1 2 3 4 7
82 1 2 3 7
90 4 5 6
206 2 3 4 5 6 7
790 1 2 3 4 5 6 7
718 1 2 3 4 5 6 7
870 1
555 1 2
666 1 2 3 4 5 6 7
971 3 4 5
935 6 7
1094 2 3 4 5 6 7
1013 1 2 3 4 5 6 7
935 1 2 3 4 5
1179 2 3 4 5 6 7
1170 4 5 6 7
1137 2 3 4 5 6 7
870 2 3 4 5 6 7
1606 2 3 4 5 6 7
1195 1 2
1290 2 3
301 3 4 5
247 1 2 3 4 5
295 1 2 3 4 5
367 5
0 1 2 3 4 5 6
394 1 2 3 4 6 7
156 5 6
304 1 2 6 7
430 1 2 3 4 5 6 7
247 6 7
115 4
597 3 4
1361 1 4 5 6 7
1448 2 3 4 5 6 7
162 5 6
1522 1 2 3 4 5 6 7
1275 4 5 6 7
1590 4 5 6 7
1195 3 4 5 6 7
179 6
0 7
78 4 5 6
650 2 3 4 5 6 7
493 1 2 3 4 5 6 7
555 3 4
414 1 2 3 4 6 7
555 5 6 7
