0 6 7 8
1400 5 6 7 8
1582 4 5 6 7 8
866 3 4 5 6 7 8
342 2 3 4 5 6 7 8
1095 1 2
836 7 8
1215 1 2 3
1165 4 5 6 7 8
461 1 2 3 4 5 6
1250 3
389 2
83 1 2
912 5 6 7 8
1352 1 2 3 4
1258 1 2 4 5 6 7 8
894 2 3 4 5 6 7 8
866 1 2
1557 1 2 3
1740 6 7 8
804 1 2 3 4 5
389 3 4 5 6 7 8
1445 1 2 3 4 5 6 7 8
28 1
16 2
1622 5 6 7 8
1534 4 5 6 7 8
513 1 2 3 4 5 6 7
167 1 2 3 4 5 6 7 8
75 1
116 1 2
804 6 7 8
959 1 2 3 4 5
218 3 4 5 6 7 8
78 3
429 1
233 1 2
912 1 2 3 4
1197 4 5 6 7 8
1802 2 3 4 5 6 7 8
439 2 3 4 5 6 7 8
274 1 2 3 4 5 6 7 8
949 6 7 8
138 1 2 3
16 3 4 5 6 7 8
412 2 3 4 5 6 7 8
757 1 2 3 4 5 6 7
506 8
128 1 2
1352 5 6 7 8
1320 1 2 3 4 5
1409 2 3 4 5 6 7 8
1804 1 2 3 4 5 6 7 8
16 1
1320 6 7 8
1364 5 6 7 8
78 4 5 6 7 8
1039 3 4 5 6 7 8
626 2 3 4 5 6 7 8
342 1
1054 1 2
1740 1 2 3 4 5
843 2 3 4 5 6
1859 2 3 4 5 6 7 8
316 1 2 3 4 5 6 7 8
757 8
1165 1 2 3
1243 1 2 3
5 3 4 5 6 7 8
1472 2 3 4 5 6 7 8
545 1 2 3 4 5 6 7
702 1 2
5 1 2
1606 5 6 7 8
807 1 2 3 4 5
702 3 4 5 6 7 8
643 1 2 3 4 5 6 7 8
363 1
141 1 2 3
1606 1 2 3 4
995 3 4 5 6 7 8
1319 2 3 4 5 6 7 8
845 1 2 3 4 5 6 7 8
557 8
461 7 8
118 4 5 6 7 8
953 1 2 3 4 5
1139 3 4 5 6 7 8
596 1 2 3 4 5 6 7 8
379 1
1503 1 2 3
1630 5 6 7 8
1503 4 5 6 7 8
1705 2 3 4 5 6 7 8
23 2 3 4 5 6 7 8
995 1 2
218 1 2
1562 4 5 6 7 8
1099 3 4 5 6 7 8
1646 3 4 5 6 7 8
