79 4 5 7
316 1
111 1 6
261 1
140 1 4 5 7
2033 3 4 5 6 7
2094 3 4 5 6 7
25 6
393 3 4 5 6 7
528 1 2 5 6 7
469 1 5 6 7
356 5 6 7
356 2 3 4
411 5 6 7
411 2 3 4
25 7
1091 3 4 5 6
380 2 3 4
1156 4 5 6 7
9 6 7
1396 5 6 7
1213 1 2 3 4 5 6 7
1396 1 2 3 4
1308 2 3 4 5 6 7
161 5 6 7
810 7
373 2 3 4
14 1 2 3 4 5 6 7
127 6
2957 2 3 4
1032 6 7
2837 1 2 3 4 5 6 7
2254 1 2 3
2957 5 6 7
2511 1 2 3 4 5 6 7
2645 2 3 4 5 6 7
2732 1 2 3 4 5 6 7
2033 1 2
2418 1 2 3 4 5 6 7
2342 3 4 5 6 7
2587 1 2 3 4 5 6 7
2912 1 2 3 4 5 6 7
1064 7
2922 2 3 4 5 6 7
2818 2 3 4 5 6 7
1032 3 4 5
851 1 2 3 4 5 6
371 1
972 5 6 7
556 4
944 1 2 3
1019 2 3 4 5 6 7
5 5 6 7
944 4 5 6 7
261 2 3 4 5 6 7
25 1
1120 1 2
1032 1 2
743 6 7
1567 7
1482 2 3 4 5 6 7
1567 1 2 3 4 5 6
997 2 3 4
1197 5 6 7
1867 5 6 7
1882 1 2 3 4 5 6 7
1802 1 2 3 4 5 6 7
1623 1 2 3 4
1954 2 3 4 5 6 7
1716 1 2 3 4 5 6 7
1623 5 6 7
744 1 2 3 4 5
815 1 2 3 4 5 6
651 2 3 4
651 5 6 7
79 2 3
2254 4 5 6 7
2185 2 3 4 5 6 7
170 1 2 3 4 5 6 7
697 1 5 6 7
25 2 3 4 5
0 1 2 3 4 5 6 7
563 1 2 3 5 6 7
480 3 4
5 2 3 4
