4 8
26 1 2 3 4 5
29 6 7 8
30 1 2 3 4 5 6 7 8
32 3
34 2 3
107 5 6 7 8
110 4 5 6 7 8
112 7 8
0 1
2 1 2 3 4
25 1 2 3 4 5 6 7 8
22 7
32 4 5 6 7 8
35 5 6 7 8
29 2 3 4 5
37 2 3 7 8
40 8
56 2 3 4 5 6 7 8
58 7 8
61 1 2 3 4 5 6 7 8
32 2
90 4 5 6 7 8
93 4 5 6 7 8
0 3 4 5 6
1 2 3 4 5 6 7 8
2 5 6 7 8
66 3 4 5 6 7 8
68 1 2 3 4 5 6 7 8
71 5 6 7 8
0 7 8
12 5 6 7 8
15 1 2 3 4 5 6 7
49 5 6 7 8
52 2 3 4 5
54 1 2 3 4 5 6 7 8
4 1 2 3 4 5 6 7
7 1 2
8 1 2 3 4 5 6 7
26 6
32 1
55 4 5 6 7 8
36 7 8
49 1 2 3 4
52 6 7 8
0 2
17 1 2 3 4 5 6 7 8
20 1 2 3 4 5 6 7 8
34 1
96 3 4 5 6 7 8
99 1
7 3 4 5 6 7 8
8 8
10 1 2 3 4 5 6 7 8
15 8
36 1 4 5 6
38 1 2 3 4 5 6 7 8
41 3 4 5 6 7
44 1 2 3 4 5
47 4 5 6 7 8
84 1 2 3 4 5 6 7 8
86 4 5 6 7 8
88 1 2 3 4 5 6 7 8
62 1 2 3
112 1 2 3 4 5 6
115 3 4 5 6 7 8
41 2
44 6 7 8
99 2 3 4 5 6 7 8
12 1 2 3
22 1 2 3 4 5 6
23 1 2 3 4 5 6 8
9 1 2 3 4 5 6 7
12 4
14 4
77 4 5 6 7 8
80 2 3 4 5 6 7 8
81 4 5 6 7 8
72 1 2 3 4 5 6 7 8
74 4 5 6 7 8
75 1 2 3 4 5 6 7 8
45 6 7 8
102 4 5 6 7 8
105 1 2 3 4 5 6 7 8
22 8
26 7 8
40 1 2 3 4 5 6 7
58 1 2 3 4 5 6
62 4 5 6 7 8
65 6 7 8
