390 8
1602 1 2 3 4 5 6 7 8
1525 2 3 4 5 6 7 8
1691 4 5 6 7
1039 1 2 3
1691 8
1715 8
1754 8
947 2 3
1705 3 4 5 6 7
1766 1 2 3 4 5 6 7
1799 2
1835 5 6 7 8
707 5 6 7 8
1790 6 7
1874 1 2 3 4 5 6 7 8
1919 6 7 8
1997 2 3 4 5 6 7 8
1799 3 4 5 8
224 8
731 5 6 7 8
2085 1 2 3 4 5 6 7 8
2177 8
1842 3 4 5 6 7 8
2250 5 6 7 8
43 8
2298 1 2 3 4 5 6 7 8
2320 1 2 3 4 5 6
2177 1 2 3 4 5 6 7
2471 1 2 3 4 5 6
2320 7 8
2402 4 5 6 7 8
2515 5 6
2471 7 8
2514 1 2 3 4 5 6
2557 4 7 8
2780 3 4 5 6 7 8
2638 4 5 6 7 8
2825 6 7 8
2920 8
2711 1 2 3 4 5 6 7 8
2607 2 3 5 6
2998 5 6 7 8
3088 8
3116 2 3 4 5 6 7 8
3135 3 4 5 6 7 8
3164 7 8
3164 4 5 6
3194 2 3 4 5 6
3222 1 2 3 4 5 6 7 8
445 1 2 3
487 2 3
1137 1 2 3 4 5 6 7 8
1141 3 4 5 6 7 8
1296 1 2 3 4 5 6 7 8
1208 3 4 5 6 7 8
1039 4 5 6 7 8
1386 1
1133 7 8
1018 2 3 4 5 6 7 8
550 2 3
1386 2 3 4 5 6 7 8
1463 3 4 5 6 7 8
1509 4 5
1509 6 7 8
1514 1 2 3 4 5
2920 1 2 3 4 5 6 7
3278 3 4 5 6 7 8
3438 4 5 6 7 8
3373 1 2 3 4 5 6 7 8
3488 2 3 4 5 6 7 8
3547 7 8
3547 3 4 5 6
3617 2 3 4 5 6 7 8
0 5 6 7 8
129 2 3 4 5 6 7 8
445 4 5 6 7 8
172 1 2 3 4 5 6 7 8
319 5 6 7 8
60 1 2 3 4 5
224 6
783 2 3 4 5 6 7 8
224 7
60 6 7 8
275 1 2 3 4 5
396 1 2 3 4 5 6 7
10 1 2 3 5 6 7 8
129 1
504 1 4 5 6 7 8
224 1 2 3 4 5
27 1 2 3 4 5 6 7 8
43 1 2 3 4 5 6 7
96 1 2 3 4 5 6 7 8
319 1 2 3 4
947 4 5 6 7 8
707 1 2 3 4
0 4
593 4 5 6 7 8
625 1 2 3 4 5 6 7 8
863 1 2 3 4 5 6 7 8
