354 1 2 3 4 5 6 7 8
432 3 4 5 6 7 8
572 7 8
113 4 5 6
500 2 3 4
375 2 3 4 5
458 1 2 3 4 5 6 7 8
574 5 6 7 8
0 8
1779 1 2 3 4 5 6 7 8
1733 7 8
1736 5 6 7 8
1308 5 6 7 8
1686 2 3 4 5 6 7 8
1835 2 3 4 5 6 7
1508 2 3 4 5 6 7 8
1835 8
1592 2 3 4 5 6
84 2 3 4
113 1 2 3
110 2 3 4 5 6 7 8
0 2 3 4 5 6 7
173 2
156 2
144 1 2 3 4 5 6 7 8
251 3 4
1021 1 2
881 7 8
820 1 2 3 4 5 6 7 8
947 1 2 3 4 5 6 7 8
899 2 3 4 5 6 7 8
930 8
1002 1 2 3 4 5 6 7 8
590 1 2 3 4 5 6 7 8
661 4 5 6 7 8
38 1 8
733 2 3 4 5 6 7 8
770 1 2 3 4 5 6 7 8
63 8
2473 4 5
2604 4 5 6 7 8
2473 6 7 8
2148 5
2214 1 2 3 4 5 6 7 8
2558 5 6 7 8
2389 1 2 3 4 5 6 7 8
2322 1 2 3 4 5 6 7 8
2148 6 7 8
2113 1 2 3 4 5 6 7 8
375 6 7 8
2285 4 5 6 7 8
1133 1 2 3 4 5 6 7 8
1093 1 2 3 4 5 6 7 8
1176 1 2 3 4 5 6 7 8
1441 1 2 3 4 6 7 8
1308 1 2 3 4
1438 1 2 3 4 6 7 8
1252 3 4 5 6 7 8
217 6 7 8
1370 1 2 3 4
294 2 3 4 5 6 7 8
156 3 4 5 6 7 8
217 5
97 6 7 8
194 1 3 4 5 6 7 8
84 5 6 7
2056 2
500 5 6 7 8
1620 7 8
1837 1 2 3 4 5 6 7
661 2 3
1925 1 2 3 4 5 6 7 8
1404 6 7 8
1985 1 2
1895 1 2 3 4 5 6 7 8
1592 7 8
1021 3 4 5 6 7 8
2074 2 3 4 5 6 7 8
1404 5
1985 3 4 5 6 7 8
1993 5 6 7 8
930 1 2 3 4 5 6 7
2002 3 4 5 6 7 8
113 7 8
