441 4 5
1363 5 6 7 8
1447 2
1463 2
1149 4
1073 2 3 4
713 5 6 7 8
815 1
862 5 6 7 8
441 1 2 3
268 5 6 7 8
1163 5 6 7 8
1073 5 6 7 8
268 2 3 4
293 2 3 4
268 1
923 3 4
862 2 3 4
83 8
83 7
181 1
140 7
713 3 4
441 6 7 8
392 1
529 1 2 3 4 5 6 7 8
1595 1 2 3 4 5 6 7 8
1554 1 2 3 4 5 6 7 8
1571 1 2 3 4 5 6 7 8
1227 3 4 5 6 7 8
1301 1 2 3 4 5 6 7 8
129 1 2 3 4 5 6 8
1447 3 4 5 6 7 8
1471 6 7 8
848 1
248 1 2 3 4 5 6 7 8
181 2 3 4 5 6 8
935 2 5 6 7 8
0 2 3 4 5 6 7 8
1005 1 2 3 4 5 6 7 8
815 2
932 2 5 6 7 8
83 4 5 6
87 1 2 3 4 5 6
343 2 3 4 5 6 7 8
398 2 3 4 5 6 7 8
1539 1 2 3 4 5 6 7 8
815 3 4 5 6 7 8
805 1 2 3 4 5 6 7 8
713 1 2
666 1 2 3 4 5 6 7 8
345 1
601 1 2 3 4 5 6 7 8
325 6 7 8
1149 1 2 3
17 1 2 3 4 5 6 7 8
