2596 2 3 4 5 6
1190 8
715 4 5 6 7 8
78 1 2
842 6 7 8
1268 3 4 5 6 7 8
193 1
1431 5 6 7 8
1572 5 6 7 8
1517 2 3 4 5 6 7 8
1590 1 2 3 4 5 6 7 8
131 4
317 1 2 3 4 5 6 7 8
118 1 2 3 4 5
48 3 4 5 6 7 8
113 1 2 3 4 5 6 7 8
218 1 4 5
218 6 7 8
4 1 2 3 4 5 6 7 8
131 5
237 1 2 4 5
118 6 7 8
272 1 2 4 5 6 7
272 8
1939 6 7 8
2147 7 8
1988 6 7 8
1892 1 3 4 5 6 7 8
1821 2 3 4 5 6 7 8
947 7 8
1873 2
1990 1 2 3 4 5
1939 1 2 3 4 5
1917 2 3 4 5 6 7 8
2022 2 3 4 5 6 7 8
1873 3 4 5 6 7 8
1708 2 3 4 5
952 1 2 3 4
2497 4 5 6 7 8
2359 2 3 4 5 6 7 8
2433 2 3 4 5 6
2283 2 3 4 5 6
2433 7 8
2423 2 3 4 5 6 7 8
1431 1 2 3 4
1190 3 4 5 6 7
1268 1 2
1158 2 3 4 5 6 7 8
1072 4 5 6 7 8
1415 4 5 6 7 8
235 3
1352 2 3 4 5 6 7 8
1800 6 7 8
1616 6 7 8
1641 6 7 8
1641 4 5
921 1 2 6 7 8
1604 2 3 4 5 6 7 8
612 1 2 3
1616 2 3 4 5
1725 1 6 7 8
714 1 2 3 4 5 6 7
658 1 2 3 4 5 6 7
373 2 3 4 5 6 7 8
513 1 2 3
417 3 4 5 6 7 8
48 1 2
632 1 2 3 4 5 6 7
566 4
513 4 5 6 7 8
544 1 2 3
952 5 6
920 3 4 5
131 2 3
809 2 3 4 5 6 7 8
715 1 2 3
131 1
842 2 3 4 5
984 5 6 7 8
2588 7 8
2546 4 5 6 7 8
639 8
2588 1 2 3 4 5 6
625 1 2 3 5 6 7
417 1 2
185 2 3
1072 1 2 3
566 5 6 7 8
997 1 2 3 4 5 6 7 8
1158 1
373 1
2199 1 2 3 4 5 6 7 8
2065 1 2 3 4 5 6 7 8
623 8
2147 2 3 4 5 6
809 1
2177 3 4 5 6
2211 1 2 3 4 5 6 7 8
2283 7 8
0 4 5 6 7 8
