793 7 8
704 1 2 3 4 5 6 7 8
334 2 8
625 1 2 3 4 5 6 7 8
737 4 5 6 7 8
587 1 2 3 4 5 6 7 8
28 1 2 3 4 5 6 7 8
19 8
0 1 2 3 4
80 2
403 2 3 4
491 2 3 4
386 1 2 3 4 5 6 7 8
260 1 8
491 5 6
158 2
122 4 5 6 7 8
211 8
80 3 4 5 6 7 8
0 5 6 7 8
1916 2 3 4 5 6 7 8
1891 2 3
1675 1
1522 2 3 4 5 6 7 8
1426 2 3 4 5 6
1891 4 5 6 7 8
1623 2 3 4 5 6 7 8
1805 1
1805 2 3 4 5 6 7 8
1615 5 6 7 8
1755 5 6 7 8
312 3 4 5 6 7
259 2 3 4 5 6 7
122 1 3
80 1
213 1 3 4 5 6 7
360 4 5 6 7 8
1029 5 6 7 8
933 1 2 3 4
1029 1 2 3 4
863 2 3 4 5 6 7 8
1047 4
933 5 6 7 8
832 2 3 4 5 6 7 8
1078 2 3 4
2095 3 4 5 6 7 8
2348 2
2229 4 5 6 7 8
2348 3 4 5 6 7
2301 2 3 4 5 6 7 8
2448 3 4 5 6 7 8
2200 3 4 5 6 7 8
1675 2 3 4 5 6 7 8
2348 8
2414 1 2 3 4 5 6 7 8
1932 1 2 3 4 5 6 7 8
2010 6 7 8
806 1 2 3 4 5 6
2160 2 3 4 5 6 7 8
1949 6 7 8
1443 7 8
547 1 5 6 7 8
1335 2 3
1335 4 5 6 7 8
1384 7 8
479 7 8
793 1 2 3 4 5 6
1209 3 4 5 6 7 8
1244 1 2 3 4 5 6 7 8
403 5 6 7 8
1115 1 5 6 7 8
1509 1 2 3 4 5 6
2965 3 4 5
2588 1 2 3 4 5 6 7 8
2835 1 2 3 4 5 6 7 8
2668 1 2 3 4 5
2946 2 3 4 5 6 7 8
2863 1 2 3 4 5
497 1 5 6
2863 6 7 8
204 2
2802 2 3 4 5 6 7 8
2736 1 2 3 4 5 6 7 8
2493 2 3 4 5 6 7 8
2965 6 7 8
2668 6 7 8
3052 2 3 4 5 6 7 8
3010 1 2 6 7 8
