313 5
369 2 3 4 5
365 1 2 3 4 5
357 2 3 4 5
377 1 2 3 4 5
337 1 2 3 4
353 1 2 3 4 5
329 1 2 3 4
349 1 2 3 4 5
321 1 2 3 4
0 1
215 1 2 3 4
213 1 2 3 4 5
152 2 3 4 5
211 1 2 3 4 5
148 2 3 4 5
209 1 2 3 4 5
116 2 3 4 5
92 1
140 2 3 4 5
136 1 2 3 4 5
128 2 3 4 5
124 1 2 3 4 5
108 2 3 4 5
120 1 2 3 4 5
100 2 3 4 5
215 5
243 2 3 4 5
247 1 2 3 4 5
239 2 3 4 5
237 1 2 3 4 5
227 1 2 3 4
233 1 2 3 4 5
223 1 2 3 4
235 1 2 3 4 5
219 1 2 3 4
44 5
176 2 3 4 5
180 1 2 3 4 5
170 2 3 4 5
174 1 2 3 4 5
166 2 3 4 5
164 1 2 3 4 5
160 2 3 4 5
158 1 2 3 4 5
140 1
200 2 3 4 5
206 1 2 3 4 5
194 2 3 4 5
191 1 2 3 4 5
185 2 3 4 5
182 1 2 3 4 5
16 4
92 2 3 4 5
88 1 2 3 4 5
80 2 3 4 5
76 1 2 3 4 5
249 1
313 1 2 3 4
309 1 2 3 4 5
281 2 3 4 5
305 1 2 3 4 5
273 2 3 4 5
301 1 2 3 4 5
265 2 3 4 5
293 1 2 3 4 5
257 2 3 4 5
297 1 2 3 4 5
249 2 3 4 5
0 3
25 1 2 3 5
35 1 2 3 4 5
15 1 2 3 5
0 4
52 1 2 3 4
60 1 2 3 4 5
44 1 2 3 4
40 1 2 3 4 5
0 2
74 2 3 4 5
72 1 2 3 4 5
70 2 3 4 5
73 1 2 3 4 5
68 2 3 4 5
67 1 2 3 4 5
65 2 3 4 5
64 1 2 3 4 5
194 1
391 2 3 4 5
393 1 2 3 4 5
389 2 3 4 5
394 1 2 3 4 5
387 2 3 4 5
395 1 2 3 4 5
384 2 3 4 5
386 1 2 3 4 5
382 2 3 4 5
381 1 2 3 4 5
0 5
