168 3 4 5 6 7 8
178 1 2 3 4 5
137 7 8
404 3 4 5 6 7 8
439 3 4 5 6 7
448 2 3 4 5 6 7 8
503 2 3 4 5 6 7 8
478 5 6 7 8
451 7 8
512 7 8
521 2 3 4 5 6 7 8
478 1 2 3 4
542 1 2 3 4 5 6 7 8
423 8
423 3 4 5 6 7
512 2 3 4 5 6
528 1 2 3 4 5 6 7 8
451 2 3 4 5 6
486 3 4 5 6 7 8
548 1 2 3 4 5 6 7 8
529 8
562 1 2 3 4 5 6 7 8
458 1 2 3 4 5 6 7 8
543 8
581 3
581 1 2
550 7 8
550 2 3
529 2 3 4 5 6 7
597 2 4 5 6 7 8
550 4 5 6
460 4 5 6 7 8
533 1 2 3 4 5 6 7
581 4 5 6 7 8
599 4 5 6 7 8
543 4 5 6 7
10 2 3 8
285 2 3 4 5 6 7 8
178 6 7 8
290 1 2 3 4 5 6 7 8
294 8
294 2 3 4 5 6 7
111 6
303 3 4 5 6 7 8
296 1 2 3 4 5 6 7
325 2 3 4 5 6 7 8
312 3 4 5 6 7 8
335 1 2 3 4
335 5 6 7 8
209 6 7 8
370 7 8
356 8
356 7
351 1 2 3 4 5 6 7 8
390 2 3 4 5 6 7 8
383 3 4 5
383 6 7 8
378 1 2 3 4 5 6 7 8
356 1 2 3 4 5 6
128 6 7 8
128 1 2 3 4 5
121 1 2 3 4 5 7 8
141 1 2 3 4 5 6
111 1 2 3 4 5
209 1 2 3 4 5
245 3 4 5 6 7 8
245 1 2
227 6 7 8
234 2 3 4 5 6 7 8
227 4 5
83 6
194 1 2 3 4 5 6 7 8
201 1 2 3 4 5 6 7 8
40 3 4 5 6 7 8
4 1 4 5 6 7
53 5 6
53 7 8
101 1 2 3 4 5 6
101 7 8
54 1 2 3 4
2 2 3 8
190 1 2 3 4 5
0 8
64 1 2 3 4 5 6
0 4 5 6 7
0 2 3
36 1 2
84 1 2 3 4 5 7 8
36 3 4 5 6 7 8
265 3 4 5 6 7 8
150 3 4 5 6 7 8
0 1
67 7 8
20 1 2 3 4 5 6 7 8
15 4 5 6 7 8
8 1
8 4 5 6 7
