1036 7 8
1013 4 5 6 7 8
924 1 2 3 4
997 1 2 3 4 8
1013 1 2 3
924 8
1071 2 3 4 5 6 7 8
878 1 2 3 4 5 6 7 8
2736 3 4 5 6 7 8
2832 2 3 4 5 6
2924 5 6 7 8
2831 1 2 3 4 5 6 7 8
2832 7 8
1986 3 4
1929 4 5 6 7 8
2111 3 4 5 6 7
1986 5 6 7
1986 8
2047 3 4
1565 4 5 6 7 8
1647 3 4 5 6 7 8
199 1 2 3 4 5
113 1 2 3 4 5 6 7 8
164 8
164 1 2 3 4 5 6 7
11 1 2 3 4 5 6 7 8
0 5 6 7
61 3 4 5 6
1888 8
1743 1 2 3 4 5 6 7 8
84 1 7 8
1806 8
1324 5 6 7 8
1806 3 4 5 6 7
1888 1 2 3 4 5 6 7
218 1 2 3 4 5 6 7
61 2
199 6 7 8
608 2 3 4 5 6 7 8
527 2 3 4 5 6 7 8
567 6 7 8
624 3 4 5 6 7 8
2424 1 2 3 4
924 5 6 7
1210 1 2 3 4 5
1210 6 7 8
1313 1 2 3 4 5 6 7 8
1246 1 2 3 4 5
1193 2 3 4 5 6 7 8
515 1 2 3 4 5 6 7 8
435 1 6 7 8
448 2 3 4 5
396 6 7 8
781 4 5 6 7 8
753 2 3 4 5 6 7 8
645 1 2 3 4 5 6 7 8
854 6 7 8
747 2 3 4 5 6 7 8
828 1 4 5 6 7 8
803 1 4 5 6 7 8
732 2 3 4 5 6 7 8
396 2 3 4 5
388 3 4 5 6 7 8
344 2 3 4 5 6 7 8
2239 8
2239 6 7
2203 1 2 3 4 5 6 7 8
2239 1 2 3
2310 1 2 3 6 7 8
2239 4 5
2378 1 2 3 4 5 6 7 8
61 7 8
232 2 3 4 5 6 7
284 3 4 5 6 7 8
284 2
1421 3 4 5 6 7 8
1377 4 5 6 7 8
567 2 3 4 5
1377 1 2 3
1324 1 2 3 4
1475 3 4 5 6 7 8
2653 1 2 3 4 5
2568 6 7 8
2568 2 3 4 5
2563 3 4 5 6 7 8
2516 5 6 7 8
2424 5 6 7 8
2627 6 7 8
2516 1 2 3 4
2098 2 5 6 7
2016 2 5 6 7 8
2156 3 4 5 6 7 8
2166 3 4 5 6 7 8
2098 8
0 8
781 2 3
1177 1 2 3 4 5 6 7 8
1060 1 2 3 4 5 6
1116 1 2 3 4 5 6 7 8
208 8
