2858 2
3006 2
2875 1 2
2967 2
2918 1 2
2772 1 2
284 2
385 1
284 1
358 1
0 1
1179 1 2
1027 2
40 1
276 1 2
199 2
199 1
40 2
114 1 2
468 1 2
438 2
375 2
0 2
3527 2
3330 1 2
3413 2
14 1
3441 2
3593 1 2
3667 2
895 1
804 1 2
157 1 2
77 1 2
3761 2
3787 1 2
4002 2
3919 1 2
3796 2
3693 1 2
3854 1 2
1637 1 2
1779 1 2
1717 2
1429 2
1027 1
960 1 2
1502 2
1622 1 2
1634 1 2
1429 1
1542 1 2
1395 1 2
554 2
1116 1 2
396 1
919 2
2441 1 2
2286 1 2
2531 2
895 2
5 1
2396 1 2
2303 2
18 1 2
1928 2
1953 1 2
1818 1 2
1829 2
1892 1 2
2733 2
2678 1 2
2546 1 2
2711 1 2
2303 1
2568 1 2
2653 2
2758 1 2
675 1 2
768 1 2
651 1 2
581 1
554 1
512 1 2
3311 2
3089 1 2
3238 1 2
3196 1 2
2967 1
3164 1 2
1344 1 2
1259 1 2
426 1
1389 1 2
2030 1 2
2194 1 2
2240 1 2
2217 1 2
2115 1 2
2140 1 2
