165 1
136 5
210 5
136 1
163 6
112 5
165 5
222 8
178 4
243 8
138 8
96 3
184 2
98 5
103 2
0 5
43 5
359 8
311 6
378 8
330 8
359 6
0 7
36 7
35 7
33 8
43 8
11 3
94 3
20 1
0 4
0 3
270 4
289 2
285 3
343 4
308 2
368 2
233 7
274 7
0 2
217 6
232 3
242 5
208 2
221 5
73 8
121 6
47 5
98 6
0 8
155 7
115 3
113 7
45 2
372 6
458 7
390 7
396 6
411 7
333 7
398 1
308 5
398 5
0 1
293 8
254 8
245 4
195 3
193 1
151 6
130 1
213 1
205 4
190 6
83 1
108 1
79 6
75 1
84 4
0 6
548 8
433 1
434 6
515 8
455 4
377 3
169 3
119 3
290 1
377 1
