100 3 4 5 6 7 8
88 8
98 3 4 5 6 8
95 1 2
95 3 4 5 6
52 4 5
101 1 2 3 4 5
0 2 3 4 5 6
1 1 7 8
0 7
32 1 5 6 7 8
37 6 7 8
0 8
58 4 5 6 7 8
63 6 7 8
66 1
118 1 4 5 6 7 8
104 3
115 4 5 6 7 8
95 7
112 1 4 5 8
119 7 8
125 6 7 8
44 1 2 3 4 5 6
45 1
49 7
40 7 8
45 5 6 7 8
45 2 3 4
51 1 2 3 4 5 6 7
107 1 2 4 5 8
101 8
102 1 2 3 4 5
101 6 7
104 4 5
108 4 5 8
88 6
81 8
80 1 2 3 4 6
71 7 8
83 2 3 4 6
77 5 7 8
56 1 2 3 4 5 8
48 8
49 2 3 4 5 6
52 6 7
40 4 6
52 1 2 3
57 4 5 6 7 8
10 1 2 3 4 5
7 1 7 8
15 1
23 5 6 7 8
10 6
21 4 5 6 7 8
18 1 2
23 1 2 3 4
24 6 7 8
15 2 3 4 5 7 8
10 7
16 2 3 4 5 6
16 7 8
18 3 4 5 6
10 8
26 1 2 3 4 5
31 2 3 4
31 5
48 5 6 7
57 3
63 2 3 4 5
57 1 2
65 2 3 4 5
66 6 7 8
70 3 4 5 6 7 8
76 2 3 4 5 7 8
71 6
68 1 2 3 4 5
70 1 2
77 1 2 3 4
71 3 4 5
108 2
129 8
150 8
171 8
192 8
213 8
5 2 3 4 5 6
4 1 7 8
43 1 2 3 4 5 6
34 4
37 1 5
34 2 3
29 6 7 8
39 2 3 5
89 2 3 4 5 6 7
83 1
93 1 2 3 4
81 5 7
90 1 2 3 4
90 5 6 7
