265 2 3 4 5 6 7 8
214 2 3 4 5 6
279 5 6 7 8
280 6
292 1 2 3 4 5 6 7 8
280 8
280 7
295 2 3 4 5 6 7 8
279 1 2 3 4
311 2 3 4 5 6 7 8
470 4 5 6 7 8
490 5 6 7 8
464 2 3 4 5 6 7 8
1 2
339 2 3
514 2 3 4 5 6 7 8
506 3 4 5 6 7 8
519 7 8
502 1
480 1 2 3 4 5 6 7 8
560 3 4 5 6 7 8
535 1 2 3 6
543 2 3 6
519 6
545 1 4 5 7 8
577 1 2 3 4 5 6 7 8
568 4 5 6 7 8
3 1
524 3 4 5 7 8
30 1
502 2 3 4 5 6 7 8
568 3
532 4 5 7 8
596 4 5 6 7 8
644 2 3 4 5 6 7 8
614 6 7 8
624 2 3 4 5 6 7 8
659 6 7 8
345 1 4 5 6 7 8
360 1 2 3 4 5
360 6 7 8
325 1 2 3
382 3 4 5 6 7 8
219 1 7
389 1 2 3 4 5 6 7 8
421 6 7 8
385 4 5 6 7 8
373 1 2 3 4 5 6 7 8
76 1
438 1 2 3 4 5 6 7 8
428 3 4 5 6 7 8
406 3 4 5 6 7 8
377 1 2 3 4 5 6 7 8
455 4 5 6 7 8
203 2 3 4 5 6
203 7 8
199 2 3 4 5 6 7 8
232 1 2 3 4 5 6 7 8
245 6 7 8
219 8
63 1 2 6 7 8
119 2 3 4 5 6
99 7 8
102 2 7 8
67 2 6 7 8
1 8
68 1 2 3 4 5 6 7 8
50 2 3 4 5
60 3 4 5
0 1 2 3 4 5 6 7 8
139 1 2 3 4 5 6
113 7 8
151 2 3 4 5 6 7 8
1 6
19 4 5 6 7 8
19 2 3
168 2 3 4 5 6 7 8
176 3 4 5 6 7 8
86 2 3 4 5 6 7 8
13 1 2 3 4 5 6 7 8
123 1 7 8
25 1 4 5 6 7 8
5 1 2 3 4 5 7
50 6 7 8
1 1
30 2 3 4 5 6 7 8
99 3 4 5 6
76 2 3 4 5 6 7 8
1 3 4 5
176 1 2
22 4 5 6 7 8
245 1 2 3 4 5
325 4 5 6 7 8
43 1 2 3 4 5 6 7 8
1 7
139 7 8
191 1 2 3 4 5 6 7 8
