1252 1 2 3 4
1119 2 3 4 5 6 7 8
1006 5 6 7
1181 1 2 3 4
1082 1 2 8
840 8
1006 8
782 1 2 8
924 2 3 4 5 6 7 8
558 3 4 5 6
562 3 4 5 6
512 1 2 3 4 5 6
177 2 6
2883 4 5 6 7 8
2818 6 7 8
2747 7 8
2747 2 3 4 5 6
2682 2 3 4 5 6 7 8
2297 1 2 3
2283 2 3
2609 2 3 4 5 6 7 8
2346 2 3
581 6
400 6
2063 1 2 3 4
307 4 5 6
92 1 2
0 6
425 1 2 3 4 5 7 8
1910 2 3 4 5 6 7 8
1792 1 2
1813 5 6 7 8
1751 2
1818 1 2 3 4
1751 3 4 5 6 7 8
1709 6 7 8
1639 3 4 5 6 7 8
1610 2 3 4 5 6 7 8
1525 5 6 7 8
1525 2 3 4
1520 5 6 7 8
1439 3 4 5 6 7 8
1346 4 5 6 7 8
1291 4 5 6 7 8
1181 5 6 7 8
1047 3 4 5 6 7
82 6
391 1 2 3 7 8
307 1 3
222 1 2
234 2
222 3 4 5 6 7 8
151 4 5 7 8
170 3 4 5 7 8
92 3 4 5 7 8
20 1 2 3 4 5 7 8
0 1 2 3 4 5
2568 2 3 4 5 6 7 8
2507 3 4 5 6 7 8
2486 5 6 7 8
2434 2 3 4 5 6 7 8
2342 4 5 6 7 8
2241 2 3 4 5 6 7 8
2283 4 5 6 7 8
2209 2 3
2117 4 5 6 7 8
2184 4 5 6 7 8
2117 1 2 3
2059 5 6 7 8
330 7 8
5 8
0 7 8
840 2 3 4 5 6 7
710 8
710 3 4 5 6 7
748 3 4 5 6 7
623 2 3 4 5 7 8
564 1 2 7 8
512 7 8
147 1 2 6
486 3 4 5 6 7 8
2007 1 2
1972 3 4 5 6 7 8
1215 5 6 7 8
2007 3 4 5 6 7 8
1973 2 3 4 5 6 7 8
307 7 8
