1234 1 2 3 4 5 6 7
1310 7 8
1494 2 3 4 5 6 7 8
1337 4 5
1545 1 2 3 4 5 6 7 8
1436 5 6 7 8
470 1 2 3 4
1599 4 5 6 7 8
1646 8
1430 3 4 5 6 7 8
1716 1 2 3 4 5 6 7 8
1646 7
1871 1 2 3 4 5 6 7 8
1810 6 7 8
1599 1 2 3
1878 3 4 5 6 7 8
1878 2
1962 8
1337 6 7 8
1994 5 6 7 8
2057 8
2012 3 4 5 6 7 8
2109 2 3 4 8
2025 1 2 3 4 5 6 7 8
2057 5 6 7
2157 1 2 3 4 5 6 7 8
2239 1 2 3 4 5 6 7 8
2288 1 2 3 4 5 6 7
1666 1 2 3 4 5 6
2410 2 3 4 5 6 7 8
2485 4 5 6 7 8
2580 1 2 3 4 5 6
2573 7 8
2355 1 2 3 4 5 6 7 8
2610 8
2485 1 2 3
2691 5 6 7 8
2288 8
2735 8
2610 4 5 6 7
391 4 5
2610 2 3
2735 5 6 7
2828 3
2828 4 5 6 7
2897 1 2 3 4 5 6 7 8
2952 6 7 8
2977 2 3 4 5 6
3186 1 2 3 4 5 6 7
3063 1 2 3 4 5 6 7 8
2735 1 2 3 4
3156 5 6 7
3270 3 4 5 6 7 8
3295 5 6 7 8
3447 6 7 8
523 3 4
3379 3 4 5 6 7 8
2977 7 8
3156 8
3480 1 2 3 4 5 6 7 8
3503 1 2 3 4 5 6 7 8
61 1 2 3 4 5 6
27 2 3 4 5
137 4 5 6 7 8
52 7 8
223 6 7 8
137 1 2 3
220 2 3 4 5 6 7 8
223 4 5
242 2 3 6 7 8
315 1 2 3 4 5 6 7 8
391 6 7 8
402 1 2 3 6 7 8
470 5 6 7 8
564 2 5
674 1 2 3 4 5 6 7 8
589 4 5
63 8
740 2 3 4 5 6 7 8
789 4 5 6 7 8
841 2 3 4 5 6 7 8
851 1 2 3 4 5 6 7 8
839 1 2 3 4 5 6 7 8
941 2 3 4 5 6 7 8
942 5 6 7 8
942 3 4
953 8
978 1 3 4 8
953 2 5 6 7
999 2 3 4 5 6 7 8
1059 4 5 6 7 8
1126 2 3 4 5 6 7 8
1176 4 5 6 7 8
1192 7 8
1234 8
564 6 7 8
168 2 3
0 1 2 3 4 5
22 3 4 5
0 6 7 8
