552 2 3
425 4 5 6
660 4 5 6
642 2 3
691 1 2 3
772 2 3 4 5 6
793 2 3 4 5 6
606 1 4 5 6
851 3 4 5 6
402 2 3 4 5 6
401 2 3 4 5 6
425 2 3
452 2 3 4 5 6
500 1 2 3 4 5 6
552 4 5 6
11 4 5 6
2 1 2
60 1 3 4 5 6
2 4 5 6
1155 2 3
1336 1 5
1456 4 5 6
1612 1 2 3 4 5 6
1544 2 3 4 5 6
1410 1 2 3 4 5 6
8 1 2
186 2 3 4 5 6
182 1 2 3 4 5 6
737 5 6
856 3 4 5 6
868 4 5 6
1025 2 3 4 5 6
1034 2 3
937 1 2 3 4 5 6
1034 4 5 6
1110 2 3 4 5 6
1140 1 2 3 4 5 6
1155 1
851 1 2
1155 4 5 6
1864 1 2 3 4 5 6
1762 2 3 4 5 6
1918 2 3 4 5 6
1777 5 6
1702 1 2 3 4 5 6
25 3
1777 3 4
1777 1 2
2010 1 2 3 4 5 6
2042 5 6
2193 2 3 4 5 6
2113 6
54 2
2286 5 6
2382 2 3 4 5 6
1088 1 2 3
2042 1 2 3 4
2414 1 2 3 4 5 6
2129 4 5 6
2459 3 4 5 6
2516 3 4 5 6
2572 6
2608 3 4
2608 5 6
2620 6
2646 1 2 3 4 5 6
1456 2 3
344 2 3 4 5 6
280 1 2 3 4 5 6
88 1 3 4 5 6
0 4 5 6
1 2 4 5 6
0 3
1266 2 3 4
1318 2 3 4
1206 2 3 4 5 6
1266 5
1266 6
