4816 2 3 4 5 6
5073 2 3 4
5329 2 3 4 5 6
5239 4 5 6
5152 2 3 4 5 6
4910 2 3 4 5 6
3576 4 5 6
5410 2 3 4 5 6
5000 3 4 5 6
5073 5 6
1951 1 2 3
2538 5 6
2453 3 4 5 6
2694 3 4 5 6
1803 1 2
2621 1 5 6
2774 3 4 5 6
2279 3 4 5 6
929 1 2
2373 4 5 6
3503 2 3 4 5 6
3898 4 5 6
3576 2 3
2045 2 3
3657 1 2 3
3046 3 4 5 6
2373 1 2 3
3739 3 4 5 6
3811 2 3 4 5 6
3991 3 4 5 6
2867 3 4 5 6
3348 1 2 3
2957 2 3 4 5 6
3278 3 4 5 6
3134 3 4 5 6
3206 3 4 5 6
1406 5 6
3426 3 4 5 6
2538 2 3 4
3046 1 2
4486 4 5 6
4565 2 3 4 5 6
4076 2 3 4 5 6
4486 1 2 3
4410 4 5 6
4727 5 6
4237 3 4 5 6
4641 5 6
4158 2 3 4 5 6
4319 2 3 4 5 6
494 5 6
414 2 3 4 5 6
253 2 3 4 5 6
326 3 4 5 6
89 4 5 6
0 3 4 5 6
177 2 3 4 5 6
89 1 2 3
569 2 3 4
494 1 2 3 4
1951 4 5 6
1803 3 4 5 6
1567 1 2 3
2108 5 6
2108 1 4
1725 2 3 4 5 6
2200 3 4 5 6
2026 4 5 6
1874 3 4 5 6
1638 1 2 3 4
6008 3 4 5 6
5590 2 3 4 5 6
5501 2 3 4 5 6
5766 3 4 5 6
5674 4 5 6
5914 3 4 5 6
6102 2 3 4 5 6
3348 4 5 6
5838 3 4 5 6
6197 3 4 5 6
749 2 3 4 5 6
1002 3 4 5 6
657 5 6
1085 1 2 3
326 1 2
927 3 4 5 6
1085 4 5 6
579 1 5 6
0 1 2
836 3 4 5 6
662 1 2 3 4
1178 2 3 4 5 6
836 1 2
1248 2 3 4 5 6
1331 2 3 4 5 6
1492 4 5 6
1492 1 2 3
1406 1 2 3 4
1643 5 6
1570 5 6
