34 5 8
151 4 5 6 7
52 5 6 7 8
181 1 2 3 4 5 6 7
1443 4 5 6 7 8
1349 3 4 5 6 7 8
1361 1 2 3 4 5 6 7 8
1443 1 2 3
1940 1 2 3 4 5 6 7 8
1948 8
2038 5 6 7 8
151 2 3
3422 5 6 7 8
3512 4 5 6 7 8
3637 2 3 4 5 6 7 8
3588 2 3 4 5 6 7 8
1524 1 2 3 4 5 6 7 8
1601 2 3 4 5 6 7 8
1624 1 2 3 4 5 6 7 8
1610 1 2 3 4 5 6 7 8
2079 1 2 3 4 5 6 7 8
2100 2 3 4 5 6 7 8
2165 1 2 3 4 5 6 7 8
2170 2 3
716 1 2 3
976 1 2 3 4 5 6 7 8
1065 2 3 4 5
1065 6 7 8
2303 5 6 7 8
3181 2 3 4 5 6 7 8
3029 3 4 5 6
3118 4 5 6 7 8
3729 4 5 6 7 8
3784 1 2 3 4 5 6 7 8
2949 7 8
3829 7 8
1714 3 4 5 6 7 8
1800 4 5 6 7 8
1800 1 2 3
1852 1 4 5 6 7 8
187 8
592 1 2 3 4 5 6 7 8
658 1 2 3 4 5 6 7 8
1714 1 2
2585 1 2 3 4 5
3911 2 3 4 5 6 7 8
61 7 8
533 2 3 4 5 6 7 8
147 8
2017 1 2 3 4 5 6 7
1829 2 3
792 1 2 3 4
3236 1 2 3 4 5 6 7 8
3310 1 2 3 4 5 6 7 8
3373 4 5 6 7 8
0 6 7
37 5 6 7 8
71 1 2 3 4 5 6
2570 1 2 3 4 5
2710 1 2 3 4 5 6 7 8
2800 1 2 3 4 5 6 7 8
252 1 2 3 4 5 6 7 8
311 2 3
311 4 5 6 7 8
347 1 2 3
716 4 5 6 7 8
792 5 6 7 8
325 4 5 6 7 8
357 4 5 6 7 8
411 1 2 3 4 5 6 7 8
475 1 2 3 4 5 6 7 8
428 3 4 5 6 7 8
437 1 2 3 4 5 6 7 8
2303 1 2 3 4
2371 4 5 6 7 8
2428 7 8
1948 4 5 6 7
2170 4 5 6 7 8
2210 4 5 6 7 8
2624 1 2 3 4 5 6 7 8
2521 1 2 3 4 5 6 7 8
2570 6 7 8
1326 3 4 5 6 7 8
850 2 3
1111 6 7 8
797 2 3 4 5 6 7 8
850 4 5 6 7 8
920 3 4 5 6 7 8
2949 2 3 4 5 6
2894 2 3 4 5 6 7 8
3029 2
0 1 2 3 4 5
31 1 2 3 4 5 8
34 1 2 3
533 1
2428 2 3 4 5 6
34 4
1161 1 2 3 4 5
0 8
1236 1 2 3 4 5 6 7 8
