0 3 4
28 1 3 4
110 1 3 4
0 2
143 3 4
143 1 2
158 4
223 4
223 1 2 3
249 2 3 4
312 1 2 3 4
341 1 2 3
354 4
409 2 3 4
341 4
474 3 4
514 2 3 4
527 3 4
527 1 2
580 2 3 4
637 4
642 4
1584 1 2 3 4
1498 1 2 3 4
1535 4
1638 3 4
1665 1 2 3 4
1703 1 2 3 4
2045 1 2 3
1767 1 2 3 4
1833 3 4
1928 3 4
1833 1 2
1968 1 2 3 4
2045 4
2169 2 3 4
2169 1
2116 1 2 3 4
2257 1 2 3 4
2294 4
2313 3 4
2365 2 3 4
2401 4
2459 1 2 4
2401 3
2501 2 3 4
2555 3 4
2609 3 4
2578 2 3 4
2656 2 3 4
2656 1
2690 1 2 3 4
2731 2 3 4
2740 2 3 4
2800 1 2 3 4
694 1 2 3
1096 1 2 3
2832 2 3 4
2905 1 2 3 4
2990 1 2 3 4
2999 2 3 4
3101 4
3064 1
3064 2 3 4
3111 2 3
3063 1 2 3 4
3171 4
3450 1 2 3 4
3171 2 3
3353 2 3 4
3247 1 2 3 4
3362 3 4
3319 1 2 3 4
3362 2
3514 1 2 3 4
3598 3 4
3643 4
3516 1 2 3 4
42 2
723 1 2 3 4
763 2 3 4
788 2 3 4
637 1 2 3
830 2 3 4
915 3 4
915 1 2
1047 3 4
977 2 3 4
1096 4
1172 3 4
1244 1 2 3 4
1247 1 2 3 4
1258 1 2 3 4
1269 3 4
1329 4
1269 1 2
1329 2 3
1360 3
1414 1 2 3 4
1383 3 4
