130 8
1020 2 3 4 5 6 7 8
1030 4 5 6
50 1 2 3 5 6 7 8
70 8
90 8
770 4 5 6 7 8
790 3 4 5 6 7 8
800 5 6 7 8
0 8
240 5 6 7 8
310 2 3 4 5 6 7 8
530 3 4 5 6 7 8
540 6 7 8
550 2 6 7 8
710 4 5 6 7 8
730 3 4 5 6 7 8
760 2 3 4 5 6 7 8
100 1 2 3 4 5 6 7 8
120 1 2 3 4 5 6 7 8
130 1 2 3 4 5 6 7
380 1 2 3 4 5 6
410 2 3 4 5 6
420 5 6 7 8
320 1 2 3 4
340 1 2 3 4
350 2 3 4 5 6 7 8
800 1 2 3 4
870 5 6 7 8
990 2 3 4 5 6 7 8
540 1 3 4 5
590 1 2 3 4 5
680 1 2 3
220 4 5 6 7 8
440 1 2 3 4
460 2 3 4 5 6 7 8
490 3 4 5 6 7 8
500 2 3 4 5
530 2
40 5 6 7
160 7 8
290 1 2 3 4 5 6 7 8
40 4
70 1 2 3 4 5 6 7
90 1 2 3
1090 2 3 4 5 6 7 8
1120 5 6 7 8
1150 5 6 7 8
930 1 2 3 4 5 6 7 8
950 7 8
970 2 3 4 5 6 7 8
570 1 2 3 4 5 6 7 8
580 6 7 8
600 2 3 4 5 6 7 8
90 4 5 6 7
470 1 2 3 4 5
630 2 3 4 5 6 7 8
900 6 7 8
1030 7 8
1060 2 3 4 5 6 7 8
0 1 2 3 4 5
10 1 2 3 4 5 6 7 8
40 2 3
380 7 8
410 7 8
500 6 7 8
40 8
890 2 3 4 5 6 7 8
900 1 2 3 4 5
160 1 2 3 4 5 6
190 2 3
210 2 3
240 1 2 3 4
260 3 4 5 6 7 8
270 1 2 3 4 5
580 1 2 3 4 5
650 1 2 3 4 5 6 7 8
680 4 5 6 7 8
270 6 7 8
320 5 6 7 8
420 1 2 3 4
450 2 3 4 5 6 7 8
460 1
470 6 7 8
0 6 7
190 4 5 6 7 8
230 2 3 4 5 6 7 8
830 3 4 5 6 7 8
840 3 4 5 6 7 8
870 1 2 3 4
